This is pdfTeX, Version 3.14159265-2.6-1.40.21 (TeX Live 2020/W32TeX) (preloaded format=pdflatex 2021.1.7)  12 APR 2022 09:45
entering extended mode
 restricted \write18 enabled.
 file:line:error style messages enabled.
 %&-line parsing enabled.
**"c:/Users/Admin/Desktop/VS Code/Materials-Solutions/PoC/compiled.tex"
(c:/Users/Admin/Desktop/VS Code/Materials-Solutions/PoC/compiled.tex
LaTeX2e <2020-10-01> patch level 3
L3 programming layer <2020-12-07> xparse <2020-03-03> (c:/texlive/2020/texmf-dist/tex/latex/base/article.cls
Document Class: article 2020/04/10 v1.4m Standard LaTeX document class
(c:/texlive/2020/texmf-dist/tex/latex/base/size10.clo
File: size10.clo 2020/04/10 v1.4m Standard LaTeX file (size option)
)
\c@part=\count177
\c@section=\count178
\c@subsection=\count179
\c@subsubsection=\count180
\c@paragraph=\count181
\c@subparagraph=\count182
\c@figure=\count183
\c@table=\count184
\abovecaptionskip=\skip47
\belowcaptionskip=\skip48
\bibindent=\dimen138
) (c:/texlive/2020/texmf-dist/tex/latex/base/fontenc.sty
Package: fontenc 2020/08/10 v2.0s Standard LaTeX package
) (c:/texlive/2020/texmf-dist/tex/latex/base/inputenc.sty
Package: inputenc 2020/08/01 v1.3d Input encoding file
\inpenc@prehook=\toks15
\inpenc@posthook=\toks16
 (c:/texlive/2020/texmf-dist/tex/latex/base/latin9.def
File: latin9.def 2020/08/01 v1.3d Input encoding file
)) (c:/texlive/2020/texmf-dist/tex/latex/geometry/geometry.sty
Package: geometry 2020/01/02 v5.9 Page Geometry
 (c:/texlive/2020/texmf-dist/tex/latex/graphics/keyval.sty
Package: keyval 2014/10/28 v1.15 key=value parser (DPC)
\KV@toks@=\toks17
) (c:/texlive/2020/texmf-dist/tex/generic/iftex/ifvtex.sty
Package: ifvtex 2019/10/25 v1.7 ifvtex legacy package. Use iftex instead.
 (c:/texlive/2020/texmf-dist/tex/generic/iftex/iftex.sty
Package: iftex 2020/03/06 v1.0d TeX engine tests
))
\Gm@cnth=\count185
\Gm@cntv=\count186
\c@Gm@tempcnt=\count187
\Gm@bindingoffset=\dimen139
\Gm@wd@mp=\dimen140
\Gm@odd@mp=\dimen141
\Gm@even@mp=\dimen142
\Gm@layoutwidth=\dimen143
\Gm@layoutheight=\dimen144
\Gm@layouthoffset=\dimen145
\Gm@layoutvoffset=\dimen146
\Gm@dimlist=\toks18
) (c:/texlive/2020/texmf-dist/tex/latex/graphics/color.sty
Package: color 2020/02/24 v1.2b Standard LaTeX Color (DPC)
 (c:/texlive/2020/texmf-dist/tex/latex/graphics-cfg/color.cfg
File: color.cfg 2016/01/02 v1.6 sample color configuration
)
Package color Info: Driver file: pdftex.def on input line 147.
 (c:/texlive/2020/texmf-dist/tex/latex/graphics-def/pdftex.def
File: pdftex.def 2020/10/05 v1.2a Graphics/color driver for pdftex
)) (c:/texlive/2020/texmf-dist/tex/latex/amsmath/amsmath.sty
Package: amsmath 2020/09/23 v2.17i AMS math features
\@mathmargin=\skip49

For additional information on amsmath, use the `?' option.
(c:/texlive/2020/texmf-dist/tex/latex/amsmath/amstext.sty
Package: amstext 2000/06/29 v2.01 AMS text
 (c:/texlive/2020/texmf-dist/tex/latex/amsmath/amsgen.sty
File: amsgen.sty 1999/11/30 v2.0 generic functions
\@emptytoks=\toks19
\ex@=\dimen147
)) (c:/texlive/2020/texmf-dist/tex/latex/amsmath/amsbsy.sty
Package: amsbsy 1999/11/29 v1.2d Bold Symbols
\pmbraise@=\dimen148
) (c:/texlive/2020/texmf-dist/tex/latex/amsmath/amsopn.sty
Package: amsopn 2016/03/08 v2.02 operator names
)
\inf@bad=\count188
LaTeX Info: Redefining \frac on input line 234.
\uproot@=\count189
\leftroot@=\count190
LaTeX Info: Redefining \overline on input line 399.
\classnum@=\count191
\DOTSCASE@=\count192
LaTeX Info: Redefining \ldots on input line 496.
LaTeX Info: Redefining \dots on input line 499.
LaTeX Info: Redefining \cdots on input line 620.
\Mathstrutbox@=\box47
\strutbox@=\box48
\big@size=\dimen149
LaTeX Font Info:    Redeclaring font encoding OML on input line 743.
LaTeX Font Info:    Redeclaring font encoding OMS on input line 744.
\macc@depth=\count193
\c@MaxMatrixCols=\count194
\dotsspace@=\muskip16
\c@parentequation=\count195
\dspbrk@lvl=\count196
\tag@help=\toks20
\row@=\count197
\column@=\count198
\maxfields@=\count199
\andhelp@=\toks21
\eqnshift@=\dimen150
\alignsep@=\dimen151
\tagshift@=\dimen152
\tagwidth@=\dimen153
\totwidth@=\dimen154
\lineht@=\dimen155
\@envbody=\toks22
\multlinegap=\skip50
\multlinetaggap=\skip51
\mathdisplay@stack=\toks23
LaTeX Info: Redefining \[ on input line 2923.
LaTeX Info: Redefining \] on input line 2924.
) (c:/texlive/2020/texmf-dist/tex/latex/amsfonts/amssymb.sty
Package: amssymb 2013/01/14 v3.01 AMS font symbols
 (c:/texlive/2020/texmf-dist/tex/latex/amsfonts/amsfonts.sty
Package: amsfonts 2013/01/14 v3.01 Basic AMSFonts support
\symAMSa=\mathgroup4
\symAMSb=\mathgroup5
LaTeX Font Info:    Redeclaring math symbol \hbar on input line 98.
LaTeX Font Info:    Overwriting math alphabet `\mathfrak' in version `bold'
(Font)                  U/euf/m/n --> U/euf/b/n on input line 106.
)) (c:/texlive/2020/texmf-dist/tex/latex/psnfss/helvet.sty
Package: helvet 2020/03/25 PSNFSS-v9.3 (WaS) 
) (c:/texlive/2020/texmf-dist/tex/latex/base/fontenc.sty
Package: fontenc 2020/08/10 v2.0s Standard LaTeX package
LaTeX Font Info:    Trying to load font information for T1+phv on input line 112.
 (c:/texlive/2020/texmf-dist/tex/latex/psnfss/t1phv.fd
File: t1phv.fd 2020/03/25 scalable font definitions for T1/phv.
)) (c:/texlive/2020/texmf-dist/tex/latex/enumitem/enumitem.sty
Package: enumitem 2019/06/20 v3.9 Customized lists
\labelindent=\skip52
\enit@outerparindent=\dimen156
\enit@toks=\toks24
\enit@inbox=\box49
\enit@count@id=\count266
\enitdp@description=\count267
) (c:/texlive/2020/texmf-dist/tex/latex/amscls/amsthm.sty
Package: amsthm 2020/05/29 v2.20.6
\thm@style=\toks25
\thm@bodyfont=\toks26
\thm@headfont=\toks27
\thm@notefont=\toks28
\thm@headpunct=\toks29
\thm@preskip=\skip53
\thm@postskip=\skip54
\thm@headsep=\skip55
\dth@everypar=\toks30
) (c:/texlive/2020/texmf-dist/tex/latex/setspace/setspace.sty
Package: setspace 2011/12/19 v6.7a set line spacing
) (c:/texlive/2020/texmf-dist/tex/latex/graphics/graphicx.sty
Package: graphicx 2020/09/09 v1.2b Enhanced LaTeX Graphics (DPC,SPQR)
 (c:/texlive/2020/texmf-dist/tex/latex/graphics/graphics.sty
Package: graphics 2020/08/30 v1.4c Standard LaTeX Graphics (DPC,SPQR)
 (c:/texlive/2020/texmf-dist/tex/latex/graphics/trig.sty
Package: trig 2016/01/03 v1.10 sin cos tan (DPC)
) (c:/texlive/2020/texmf-dist/tex/latex/graphics-cfg/graphics.cfg
File: graphics.cfg 2016/06/04 v1.11 sample graphics configuration
)
Package graphics Info: Driver file: pdftex.def on input line 105.
)
\Gin@req@height=\dimen157
\Gin@req@width=\dimen158
) (c:/texlive/2020/texmf-dist/tex/latex/wasysym/wasysym.sty
Package: wasysym 2020/01/19 v2.4 Wasy-2 symbol support package
\symwasy=\mathgroup6
LaTeX Font Info:    Overwriting symbol font `wasy' in version `bold'
(Font)                  U/wasy/m/n --> U/wasy/b/n on input line 93.
) (c:/texlive/2020/texmf-dist/tex/latex/zref/zref-totpages.sty
Package: zref-totpages 2020-07-03 v2.32 Module totpages for zref (HO)
 (c:/texlive/2020/texmf-dist/tex/latex/zref/zref-base.sty
Package: zref-base 2020-07-03 v2.32 Module base for zref (HO)
 (c:/texlive/2020/texmf-dist/tex/generic/ltxcmds/ltxcmds.sty
Package: ltxcmds 2020-05-10 v1.25 LaTeX kernel commands for general use (HO)
) (c:/texlive/2020/texmf-dist/tex/generic/infwarerr/infwarerr.sty
Package: infwarerr 2019/12/03 v1.5 Providing info/warning/error messages (HO)
) (c:/texlive/2020/texmf-dist/tex/generic/kvsetkeys/kvsetkeys.sty
Package: kvsetkeys 2019/12/15 v1.18 Key value parser (HO)
) (c:/texlive/2020/texmf-dist/tex/generic/kvdefinekeys/kvdefinekeys.sty
Package: kvdefinekeys 2019-12-19 v1.6 Define keys (HO)
) (c:/texlive/2020/texmf-dist/tex/generic/pdftexcmds/pdftexcmds.sty
Package: pdftexcmds 2020-06-27 v0.33 Utility functions of pdfTeX for LuaTeX (HO)
Package pdftexcmds Info: \pdf@primitive is available.
Package pdftexcmds Info: \pdf@ifprimitive is available.
Package pdftexcmds Info: \pdfdraftmode found.
) (c:/texlive/2020/texmf-dist/tex/generic/etexcmds/etexcmds.sty
Package: etexcmds 2019/12/15 v1.7 Avoid name clashes with e-TeX commands (HO)
) (c:/texlive/2020/texmf-dist/tex/latex/auxhook/auxhook.sty
Package: auxhook 2019-12-17 v1.6 Hooks for auxiliary files (HO)
)
Package zref Info: New property list: main on input line 764.
Package zref Info: New property: default on input line 765.
Package zref Info: New property: page on input line 766.
) (c:/texlive/2020/texmf-dist/tex/latex/zref/zref-abspage.sty
Package: zref-abspage 2020-07-03 v2.32 Module abspage for zref (HO)
 (c:/texlive/2020/texmf-dist/tex/latex/base/atbegshi-ltx.sty
Package: atbegshi-ltx 2020/08/17 v1.0a Emulation of the original atbegshi package
with kernel methods
)
\c@abspage=\count268
Package zref Info: New property: abspage on input line 66.
) (c:/texlive/2020/texmf-dist/tex/latex/zref/zref-lastpage.sty
Package: zref-lastpage 2020-07-03 v2.32 Module lastpage for zref (HO)
 (c:/texlive/2020/texmf-dist/tex/latex/base/atveryend-ltx.sty
Package: atveryend-ltx 2020/08/19 v1.0a Emulation of the original atvery package
with kernel methods
)
Package zref Info: New property list: LastPage on input line 59.
)) (c:/texlive/2020/texmf-dist/tex/latex/fancyhdr/fancyhdr.sty
Package: fancyhdr 2021/01/04 v4.0 Extensive control of page headers and footers
\f@nch@headwidth=\skip56
\f@nch@O@elh=\skip57
\f@nch@O@erh=\skip58
\f@nch@O@olh=\skip59
\f@nch@O@orh=\skip60
\f@nch@O@elf=\skip61
\f@nch@O@erf=\skip62
\f@nch@O@olf=\skip63
\f@nch@O@orf=\skip64
) (c:/texlive/2020/texmf-dist/tex/generic/babel/babel.sty
Package: babel 2020/12/16 3.52 The Babel package
 (c:/texlive/2020/texmf-dist/tex/generic/babel/babel.def
File: babel.def 2020/12/16 3.52 Babel common definitions
\babel@savecnt=\count269
\U@D=\dimen159
\l@babelnohyphens=\language47
 (c:/texlive/2020/texmf-dist/tex/generic/babel/txtbabel.def)
\bbl@readstream=\read2
)
\bbl@dirlevel=\count270
 (c:/texlive/2020/texmf-dist/tex/generic/babel-english/english.ldf
Language: english 2017/06/06 v3.3r English support from the babel system
Package babel Info: \l@canadian = using hyphenrules for english
(babel)             (\language0) on input line 102.
Package babel Info: \l@australian = using hyphenrules for ukenglish
(babel)             (\language11) on input line 105.
Package babel Info: \l@newzealand = using hyphenrules for ukenglish
(babel)             (\language11) on input line 108.
)) (c:/texlive/2020/texmf-dist/tex/latex/l3backend/l3backend-pdftex.def
File: l3backend-pdftex.def 2020-09-24 L3 backend support: PDF output (pdfTeX)
\l__kernel_color_stack_int=\count271
\l__pdf_internal_box=\box50
) (c:/Users/Admin/Desktop/VS Code/Materials-Solutions/PoC/compiled.aux)
\openout1 = `compiled.aux'.

LaTeX Font Info:    Checking defaults for OML/cmm/m/it on input line 71.
LaTeX Font Info:    ... okay on input line 71.
LaTeX Font Info:    Checking defaults for OMS/cmsy/m/n on input line 71.
LaTeX Font Info:    ... okay on input line 71.
LaTeX Font Info:    Checking defaults for OT1/cmr/m/n on input line 71.
LaTeX Font Info:    ... okay on input line 71.
LaTeX Font Info:    Checking defaults for T1/cmr/m/n on input line 71.
LaTeX Font Info:    ... okay on input line 71.
LaTeX Font Info:    Checking defaults for TS1/cmr/m/n on input line 71.
LaTeX Font Info:    ... okay on input line 71.
LaTeX Font Info:    Checking defaults for OMX/cmex/m/n on input line 71.
LaTeX Font Info:    ... okay on input line 71.
LaTeX Font Info:    Checking defaults for U/cmr/m/n on input line 71.
LaTeX Font Info:    ... okay on input line 71.

*geometry* driver: auto-detecting
*geometry* detected driver: pdftex

Package geometry Warning: The marginal notes overrun the paper.
     Add 75.0945pt and more to the right margin.

*geometry* verbose mode - [ preamble ] result:
* driver: pdftex
* paper: <default>
* layout: <same size as paper>
* layoutoffset:(h,v)=(0.0pt,0.0pt)
* modes: twoside 
* h-part:(L,W,R)=(42.67912pt, 514.71037pt, 56.9055pt)
* v-part:(T,H,B)=(51.21504pt, 629.94392pt, 113.81102pt)
* \paperwidth=614.295pt
* \paperheight=794.96999pt
* \textwidth=514.71037pt
* \textheight=629.94392pt
* \oddsidemargin=-29.59087pt
* \evensidemargin=-15.36449pt
* \topmargin=-58.05495pt
* \headheight=12.0pt
* \headsep=25.0pt
* \topskip=10.0pt
* \footskip=30.0pt
* \marginparwidth=121.0pt
* \marginparsep=11.0pt
* \columnsep=10.0pt
* \skip\footins=9.0pt plus 4.0pt minus 2.0pt
* \hoffset=0.0pt
* \voffset=0.0pt
* \mag=1000
* \@twocolumnfalse
* \@twosidetrue
* \@mparswitchtrue
* \@reversemarginfalse
* (1in=72.27pt=25.4mm, 1cm=28.453pt)

(c:/texlive/2020/texmf-dist/tex/context/base/mkii/supp-pdf.mkii
[Loading MPS to PDF converter (version 2006.09.02).]
\scratchcounter=\count272
\scratchdimen=\dimen160
\scratchbox=\box51
\nofMPsegments=\count273
\nofMParguments=\count274
\everyMPshowfont=\toks31
\MPscratchCnt=\count275
\MPscratchDim=\dimen161
\MPnumerator=\count276
\makeMPintoPDFobject=\count277
\everyMPtoPDFconversion=\toks32
) (c:/texlive/2020/texmf-dist/tex/latex/epstopdf-pkg/epstopdf-base.sty
Package: epstopdf-base 2020-01-24 v2.11 Base part for package epstopdf
Package epstopdf-base Info: Redefining graphics rule for `.eps' on input line 485.
 (c:/texlive/2020/texmf-dist/tex/latex/latexconfig/epstopdf-sys.cfg
File: epstopdf-sys.cfg 2010/07/13 v1.3 Configuration of (r)epstopdf for TeX Live
))
LaTeX Font Info:    Trying to load font information for U+msa on input line 74.
 (c:/texlive/2020/texmf-dist/tex/latex/amsfonts/umsa.fd
File: umsa.fd 2013/01/14 v3.01 AMS symbols A
)
LaTeX Font Info:    Trying to load font information for U+msb on input line 74.
 (c:/texlive/2020/texmf-dist/tex/latex/amsfonts/umsb.fd
File: umsb.fd 2013/01/14 v3.01 AMS symbols B
)
LaTeX Font Info:    Trying to load font information for U+wasy on input line 74.
 (c:/texlive/2020/texmf-dist/tex/latex/wasysym/uwasy.fd
File: uwasy.fd 2020/01/19 v2.4 Wasy-2 symbol font definitions
)

LaTeX Warning: No \author given.


Overfull \hbox (143.07248pt too wide) in paragraph at lines 87--94
[]\T1/phv/m/n/10 $y=\frac{2}{{{x}^{2}}-3}\xrightarrow{A}y=\frac{2}{{{(x+a)}^{2}}-3}\xrightarrow{B}y=\frac{2}{{{(-x+a)}^{2}}-3}$ $\xrightarrow{C}\frac{y}{b}=\frac{2}{{{(-
 []


Overfull \hbox (15.18419pt too wide) in paragraph at lines 87--94
\T1/phv/m/n/10 x+a)}^{2}}-3}\Rightarrow y=\frac{2b}{{{x}^{2}}-2ax+{{a}^{2}}-3}$ Com-par-ing with$y=\frac{6}{{{x}^{2}}-10x+22},$ $\be-
 []


Overfull \hbox (4.74603pt too wide) in paragraph at lines 95--98
[]\T1/phv/m/n/10 Alternatively, $y=\frac{6}{{{x}^{2}}-10x+22}=\frac{6}{{{(5-x)}^{2}}-3}\Rightarrow \frac{y}{3}=\frac{2}{{{(5-x)}^{2}}-3}$
 []

[2

{c:/texlive/2020/texmf-var/fonts/map/pdftex/updmap/pdftex.map}] [3]
Overfull \hbox (56.38263pt too wide) in paragraph at lines 177--212
[]\T1/phv/m/n/10 (a) $\int{\frac{x}{{{x}^{4}}+6{{x}^{2}}+9}\text{ d}x}$ $\be-gin{align} & =\frac{1}{2}\int{\frac{2x}{{{\left( {{x}^{2}}+3 \right)}^{2}}}\text{
 []


Overfull \hbox (124.92079pt too wide) in paragraph at lines 177--212
\T1/phv/m/n/10 \right)-\int{\frac{{{x}^{3}}}{3}\left( \frac{1}{x+2} \right)}\text{ d}x \\ & =\frac{{{x}^{3}}}{3}\ln \left( x+2 \right)-\frac{1}{3}\int{\frac{{{x}^{3}}}{x+2}}\text{
 []


Overfull \hbox (32.92284pt too wide) in paragraph at lines 177--212
\T1/phv/m/n/10 d}x \\ & =\frac{{{x}^{3}}}{3}\ln \left( x+2 \right)-\frac{1}{3}\int{{{x}^{2}}-2x+4-\frac{8}{x+2}}\text{ d}x \\ & =\frac{{{x}^{3}}}{3}\ln
 []


Overfull \hbox (50.7118pt too wide) in paragraph at lines 177--212
\T1/phv/m/n/10 \left( x+2 \right)-\frac{1}{3}\left[ \frac{{{x}^{3}}}{3}-\frac{2{{x}^{2}}}{2}+4x-8\ln \left( x+2 \right) \right]+c \\ & =\frac{{{x}^{3}}}{3}\ln
 []


Overfull \hbox (37.3319pt too wide) in paragraph at lines 177--212
\T1/phv/m/n/10 \left( x+2 \right)-\frac{1}{3}\left[ \frac{{{x}^{3}}}{3}-{{x}^{2}}+4x-8\ln \left( x+2 \right) \right]+c\text{ or} \\ & \frac{{{x}^{3}}}{3}\ln
 []


Overfull \hbox (41.23222pt too wide) in paragraph at lines 177--212
\T1/phv/m/n/10 \frac{{{x}^{3}}+8}{3} \right)\ln \left( x+2 \right)-\frac{{{x}^{3}}}{9}+\frac{{{x}^{2}}}{3}-\frac{4}{3}x+c\ \text{or} \\ & \frac{1}{9}\left[
 []


Overfull \hbox (138.89096pt too wide) in paragraph at lines 213--239
\T1/phv/m/n/10 $\text{when }x=\sqrt{2},\text{ }u=\frac{\sqrt{2}}{2};\text{ when }x=2,\text{ }u=\frac{1}{2}$ \[\be-gin{align} & \int_{\sqrt{2}}^{2}{\frac{1}{x\sqrt{{{x}^{2}}-
 []


Overfull \hbox (24.08229pt too wide) in paragraph at lines 213--239
\T1/phv/m/n/10 2}}}\text{ d}x=\int_{\frac{\sqrt{2}}{2}}^{\frac{1}{2}}{\frac{u}{\sqrt{\frac{1}{{{u}^{2}}}-2}}}\left( -\frac{1}{{{u}^{2}}} \right)\text{
 []


Overfull \hbox (259.84843pt too wide) in paragraph at lines 213--239
\T1/phv/m/n/10 \right)\text{ d}u \\ & =-\int_{\frac{\sqrt{2}}{2}}^{\frac{1}{2}}{\frac{1}{\sqrt{1-2{{u}^{2}}}}}\text{ d}u \\ & =-\frac{1}{\sqrt{2}}\int_{\frac{\sqrt{2}}{2}}^{\frac{1}{2}}{\frac{\sqrt{2}}{\sqrt{1-
 []


Overfull \hbox (98.7301pt too wide) in paragraph at lines 213--239
\T1/phv/m/n/10 {{\left( \sqrt{2}u \right)}^{2}}}}}\text{ d}u \\ & =-\frac{1}{\sqrt{2}}\left[ {{\sin }^{-1}}\left( \sqrt{2}u \right) \right]_{\frac{\sqrt{2}}{2}}^{\frac{1}{2}}
 []


Overfull \hbox (23.89018pt too wide) in paragraph at lines 213--239
\T1/phv/m/n/10 \\ & =-\frac{1}{\sqrt{2}}\left[ \frac{\text{ }\!\!\pi\!\!\text{ }}{4}-\frac{\text{ }\!\!\pi\!\!\text{ }}{2} \right] \\ & =\frac{1}{\sqrt{2}}\left(
 []

[4] [5]
Overfull \hbox (4.04427pt too wide) in paragraph at lines 346--355
[]\T1/phv/m/n/10 Therefore, \[\over-set{\xrightarrow{{}}}{\mathop{OQ}}\,=\left( \be-gin{matrix} -2+3\left( \tfrac{7}{11} \right) \\ -4+6\left(
 []


Overfull \hbox (2.18236pt too wide) in paragraph at lines 360--412
\T1/phv/m/n/10 c=\frac{87}{11} \end{align}$ (iv) \[\be-gin{align} & \cos \theta =\left| \frac{\left( \be-gin{matrix} 3 \\ 6 \\ 2 \\ \end{matrix}
 []


Overfull \hbox (73.73148pt too wide) in paragraph at lines 360--412
\T1/phv/m/n/10 \right)\cdot \left( \be-gin{matrix} 1 \\ 1 \\ 1 \\ \end{matrix} \right)}{\sqrt{{{3}^{2}}+{{6}^{2}}+{{2}^{2}}}\sqrt{{{1}^{2}}+{{1}^{2}}+{{1}^{2}}}}
 []


Overfull \hbox (69.43132pt too wide) in paragraph at lines 413--427
\T1/phv/m/n/10 =\left| \frac{8+5+9}{\sqrt{510}} \right|=\frac{22}{\sqrt{510}} \\ & \theta ={{\cos }^{-1}}\left( \frac{22}{\sqrt{510}} \right)=13.049{}^\circ
 []


Overfull \hbox (32.49315pt too wide) in paragraph at lines 428--460
\T1/phv/m/n/10 \[\be-gin{align} & \text{Thickness of prism}=QR\cos \phi \\ & =\sqrt{{{8}^{2}}+{{5}^{2}}+{{9}^{2}}}\times \frac{22}{\sqrt{510}}
 []


Overfull \hbox (1.35234pt too wide) in paragraph at lines 428--460
\T1/phv/m/n/10 \\ & =\sqrt{170}\times \frac{22}{\sqrt{510}} \\ & =\frac{22}{\sqrt{3}} \\ & =\frac{22\sqrt{3}}{3}\text{ units} \end{align}\]
 []

[6] [7]
Overfull \hbox (60.53252pt too wide) in paragraph at lines 485--492
\T1/phv/m/n/10 \\ & 3.2x+14y+20z=127.84\text{ ----- (2) } \\ & \text{17(0}\text{.8)}x+(5y-2)+17z=89.12\text{ } \\ & \text{ 13}\text{.6}x+5y+17z\text{
 []

[8] [9]
Overfull \hbox (27.79338pt too wide) in paragraph at lines 543--553
\T1/phv/m/n/10 3x}-20x\le 0 \\ & \frac{17{{x}^{2}}+81x-6-20x\left( 5-3x \right)}{5-3x}\le 0 \\ & \frac{17{{x}^{2}}+81x-6-100x+60{{x}^{2}}}{5-
 []

[10] [11]
Overfull \hbox (26.54242pt too wide) in paragraph at lines 656--662
[]\T1/phv/m/n/10 \[\begin{align} & 2{{\text{e}}^{-t}}-4{{\text{e}}^{2t}}=0 \\ & 4{{\text{e}}^{2t}}=2{{\text{e}}^{-t}} \\ & {{\text{e}}^{3t}}=\frac{1}{2}
 []


Overfull \hbox (55.15291pt too wide) in paragraph at lines 669--680
\T1/phv/m/n/10 3x=14{{\text{e}}^{2t}}(3)$ $\be-gin{align} & 4\times (2)+1\times (1):4y+x=14{{\text{e}}^{-t}} \\ & {{\text{e}}^{t}}=\frac{14}{x+4y}(4)
 []


Overfull \hbox (2.7746pt too wide) in paragraph at lines 669--680
\T1/phv/m/n/10 \\ \end{align}$ Sub-sti-tut-ing (4) into (3), $2y-3x=14{{\left( \frac{14}{x+4y} \right)}^{2}}$ ${{\left( x+4y \right)}^{2}}\left(
 []

[12]
Overfull \hbox (34.18073pt too wide) in paragraph at lines 722--744
[]\T1/phv/m/n/10 (i) \[A=\left( 3+4+3 \right)s+4\left( 0.5 \right)+2\left( \frac{1}{2} \right)\left( 4 \right)\left( s \right)\sin \theta \] \[=10s+2+4s\sin
 []


Overfull \hbox (3.41203pt too wide) in paragraph at lines 769--775
[]\T1/phv/m/n/10 $\begin{align} & \frac{{{\text{d}}^{2}}A}{\text{d}{{\theta }^{2}}}=16\left( -\sin 2\theta \right)\left( 2 \right)-40\cos \theta
 []


Overfull \hbox (10.39453pt too wide) in paragraph at lines 776--782
[]\T1/phv/m/n/10 $\begin{align} & \text{When }\theta =0.32439, \\ & \frac{{{\text{d}}^{2}}A}{\text{d}{{\theta }^{2}}}=-32\sin \left( 0.64878
 []

[13]
Overfull \hbox (12.71428pt too wide) in paragraph at lines 786--821
\T1/phv/m/n/10 }\!\!\pi\!\!\text{ }{{r}^{2}}h \\ & \text{Using sim-i-lar tri-an-gles, }\frac{r}{h}=\frac{15}{35},\text{ } \\ & \there-fore r=\frac{3}{7}h
 []


Overfull \hbox (68.18138pt too wide) in paragraph at lines 786--821
\T1/phv/m/n/10 & =\frac{9\text{ }\!\!\pi\!\!\text{ }}{49}{{h}^{2}} \end{align}$ \[\be-gin{align} & \frac{\text{d}h}{\text{d}t}=\frac{\text{d}h}{\text{d}V}\times
 []


Overfull \hbox (30.09067pt too wide) in paragraph at lines 786--821
\T1/phv/m/n/10 \frac{\text{d}V}{\text{d}t} \\ & =\frac{49}{9\text{ }\!\!\pi\!\!\text{ }{{h}^{2}}}\left( 162 \right) \\ & =\frac{882}{\text{ }\!\!\pi\!\!\text{
 []


Overfull \hbox (15.68388pt too wide) in paragraph at lines 786--821
\T1/phv/m/n/10 }{{h}^{2}}} \end{align}\] \[\be-gin{align} & \text{When }h=21, \\ & \frac{\text{d}h}{\text{d}t}=\frac{882}{\text{ }\!\!\pi\!\!\text{
 []

[14]
Overfull \hbox (10.6221pt too wide) in paragraph at lines 847--891
[]\T1/phv/m/n/10 (a) Area of the bounded re-gion \[\be-gin{align} & =\int_{0}^{\text{ }\!\!\pi\!\!\text{ }}{y}\text{ d}x \\ & =\int_{0}^{\frac{\text{
 []


Overfull \hbox (50.89024pt too wide) in paragraph at lines 847--891
\T1/phv/m/n/10 }\!\!\pi\!\!\text{ }}{2}}{\left( 1-\cos 2\theta \right)\left( \frac{\text{d}x}{\text{d}\theta } \right)}\text{ d}\theta \\ & =\int_{0}^{\frac{\text{
 []


Overfull \hbox (7.62096pt too wide) in paragraph at lines 847--891
\T1/phv/m/n/10 }\!\!\pi\!\!\text{ }}{2}}{{{\left( 1-\cos 2\theta \right)}^{2}}}\text{ d}\theta \\ & =2\int_{0}^{\frac{\text{ }\!\!\pi\!\!\text{ }}{2}}{1-
 []


Overfull \hbox (22.87062pt too wide) in paragraph at lines 847--891
\T1/phv/m/n/10 4\theta }\text{ d}\theta \\ & \text{=}\left[ 3\theta -2\sin 2\theta +\frac{1}{4}\sin 4\theta \right]_{0}^{\frac{\text{ }\!\!\pi\!\!\text{
 []


Overfull \hbox (15.07191pt too wide) in paragraph at lines 892--930
[]\T1/phv/m/n/10 (b) When $\tan x=1,$ $x=\frac{\text{ }\!\!\pi\!\!\text{ }}{4}$ Vol-ume of solid formed \[\be-gin{align} & =\text{ }\!\!\pi\!\!\text{
 []


Overfull \hbox (9.06993pt too wide) in paragraph at lines 892--930
\T1/phv/m/n/10 }\left( {{1}^{2}} \right)\left( \frac{\text{ }\!\!\pi\!\!\text{ }}{4} \right)-\text{ }\!\!\pi\!\!\text{ }\int_{0}^{\frac{\text{ }\!\!\pi\!\!\text{
 []


Overfull \hbox (27.99068pt too wide) in paragraph at lines 892--930
\T1/phv/m/n/10 }}{4}}{{{y}^{2}}}\text{ d}x \\ & =\frac{{{\text{ }\!\!\pi\!\!\text{ }}^{2}}}{4}-\text{ }\!\!\pi\!\!\text{ }\int_{0}^{\frac{\text{ }\!\!\pi\!\!\text{
 []

[15]
Overfull \hbox (49.89078pt too wide) in paragraph at lines 935--942
[]\T1/phv/m/n/10 Relative to the ori-gin O, the points A, B and C have po-si-tion vec-tors \[2\mathbf{u}-3\mathbf{v},\]\[\mathbf{u}+2\mathbf{v}\]and
 []


Overfull \hbox (22.80243pt too wide) in paragraph at lines 943--946
[]\T1/phv/m/n/10 It is given that $\mathbf{u}=2\mathbf{i}-\mathbf{j}+2\mathbf{k}$ and $\mathbf{v}=3\mathbf{i}-4\mathbf{j}-p\mathbf{k},$
 []


Overfull \hbox (0.14265pt too wide) in paragraph at lines 958--1006
\T1/phv/m/n/10 \right)=-\mathbf{u}+5\mathbf{v}$ $\over-set{\xrightarrow{{}}}{\mathop{AC}}\,=\left( 3\mathbf{u}-2\mathbf{v} \right)-
 []


Overfull \hbox (40.74219pt too wide) in paragraph at lines 958--1006
\T1/phv/m/n/10 =\frac{1}{2}\left| -\mathbf{u}\times \mathbf{u}+5\mathbf{v}\times \mathbf{u}-\mathbf{u}\times \mathbf{v}+5\mathbf{v}\times
 []


Overfull \hbox (19.57208pt too wide) in paragraph at lines 958--1006
\T1/phv/m/n/10 \mathbf{v} \right| \\ & =\frac{1}{2}\left| \mathbf{0}-5\mathbf{u}\times \mathbf{v}-\mathbf{u}\times \mathbf{v}+\mathbf{0}
 []


Overfull \hbox (92.92378pt too wide) in paragraph at lines 1007--1024
[]\T1/phv/m/n/10 Since the area of tri-an-gle ABC is $15\sqrt{53}$ square units, $\be-gin{align} & 3\sqrt{{{(p+8)}^{2}}+{{(2p+6)}^{2}}+{{5}^{2}}}=15\sqrt{53}
 []


Overfull \hbox (148.24092pt too wide) in paragraph at lines 1028--1040
\T1/phv/m/n/10 -4 \\ 20 \\ \end{matrix} \right)}{\sqrt{{{2}^{2}}+{{1}^{2}}+{{2}^{2}}}\sqrt{{{3}^{2}}+{{4}^{2}}+{{20}^{2}}}} \\ & =\frac{50}{3\sqrt{425}}=\frac{10}{3\sqrt{17}}
 []

[16] [17] (c:/Users/Admin/Desktop/VS Code/Materials-Solutions/PoC/compiled.aux) ) 
Here is how much of TeX's memory you used:
 5308 strings out of 480424
 73986 string characters out of 5891772
 376934 words of memory out of 5000000
 22197 multiletter control sequences out of 15000+600000
 420895 words of font info for 57 fonts, out of 8000000 for 9000
 430 hyphenation exceptions out of 8191
 66i,12n,73p,402b,364s stack positions out of 5000i,500n,10000p,200000b,80000s
{c:/texlive/2020/texmf-dist/fonts/enc/dvips/base/8r.enc}<c:/texlive/2020/texmf-dist/fonts/type1/urw/helvetic/uhvb8a.pfb><c:/texlive/2020/texmf-dist/fonts/type1/urw/helvetic/uhvr8a.pfb>
Output written on "c:/Users/Admin/Desktop/VS Code/Materials-Solutions/PoC/compiled.pdf" (16 pages, 43289 bytes).
PDF statistics:
 65 PDF objects out of 1000 (max. 8388607)
 44 compressed objects within 1 object stream
 0 named destinations out of 1000 (max. 500000)
 1 words of extra memory for PDF output out of 10000 (max. 10000000)

