This is pdfTeX, Version 3.14159265-2.6-1.40.21 (TeX Live 2020/W32TeX) (preloaded format=pdflatex 2021.1.7)  9 MAY 2022 10:07
entering extended mode
 restricted \write18 enabled.
 file:line:error style messages enabled.
 %&-line parsing enabled.
**c:/Users/Admin/Desktop/Github/question_bank/LyX/compiled.tex
(c:/Users/Admin/Desktop/Github/question_bank/LyX/compiled.tex
LaTeX2e <2020-10-01> patch level 3
L3 programming layer <2020-12-07> xparse <2020-03-03> (c:/texlive/2020/texmf-dist/tex/latex/base/article.cls
Document Class: article 2020/04/10 v1.4m Standard LaTeX document class
(c:/texlive/2020/texmf-dist/tex/latex/base/size10.clo
File: size10.clo 2020/04/10 v1.4m Standard LaTeX file (size option)
)
\c@part=\count177
\c@section=\count178
\c@subsection=\count179
\c@subsubsection=\count180
\c@paragraph=\count181
\c@subparagraph=\count182
\c@figure=\count183
\c@table=\count184
\abovecaptionskip=\skip47
\belowcaptionskip=\skip48
\bibindent=\dimen138
) (c:/texlive/2020/texmf-dist/tex/latex/base/fontenc.sty
Package: fontenc 2020/08/10 v2.0s Standard LaTeX package
) (c:/texlive/2020/texmf-dist/tex/latex/base/inputenc.sty
Package: inputenc 2020/08/01 v1.3d Input encoding file
\inpenc@prehook=\toks15
\inpenc@posthook=\toks16
 (c:/texlive/2020/texmf-dist/tex/latex/base/latin9.def
File: latin9.def 2020/08/01 v1.3d Input encoding file
)) (c:/texlive/2020/texmf-dist/tex/latex/geometry/geometry.sty
Package: geometry 2020/01/02 v5.9 Page Geometry
 (c:/texlive/2020/texmf-dist/tex/latex/graphics/keyval.sty
Package: keyval 2014/10/28 v1.15 key=value parser (DPC)
\KV@toks@=\toks17
) (c:/texlive/2020/texmf-dist/tex/generic/iftex/ifvtex.sty
Package: ifvtex 2019/10/25 v1.7 ifvtex legacy package. Use iftex instead.
 (c:/texlive/2020/texmf-dist/tex/generic/iftex/iftex.sty
Package: iftex 2020/03/06 v1.0d TeX engine tests
))
\Gm@cnth=\count185
\Gm@cntv=\count186
\c@Gm@tempcnt=\count187
\Gm@bindingoffset=\dimen139
\Gm@wd@mp=\dimen140
\Gm@odd@mp=\dimen141
\Gm@even@mp=\dimen142
\Gm@layoutwidth=\dimen143
\Gm@layoutheight=\dimen144
\Gm@layouthoffset=\dimen145
\Gm@layoutvoffset=\dimen146
\Gm@dimlist=\toks18
) (c:/texlive/2020/texmf-dist/tex/latex/graphics/color.sty
Package: color 2020/02/24 v1.2b Standard LaTeX Color (DPC)
 (c:/texlive/2020/texmf-dist/tex/latex/graphics-cfg/color.cfg
File: color.cfg 2016/01/02 v1.6 sample color configuration
)
Package color Info: Driver file: pdftex.def on input line 147.
 (c:/texlive/2020/texmf-dist/tex/latex/graphics-def/pdftex.def
File: pdftex.def 2020/10/05 v1.2a Graphics/color driver for pdftex
)) (c:/texlive/2020/texmf-dist/tex/latex/amsmath/amsmath.sty
Package: amsmath 2020/09/23 v2.17i AMS math features
\@mathmargin=\skip49

For additional information on amsmath, use the `?' option.
(c:/texlive/2020/texmf-dist/tex/latex/amsmath/amstext.sty
Package: amstext 2000/06/29 v2.01 AMS text
 (c:/texlive/2020/texmf-dist/tex/latex/amsmath/amsgen.sty
File: amsgen.sty 1999/11/30 v2.0 generic functions
\@emptytoks=\toks19
\ex@=\dimen147
)) (c:/texlive/2020/texmf-dist/tex/latex/amsmath/amsbsy.sty
Package: amsbsy 1999/11/29 v1.2d Bold Symbols
\pmbraise@=\dimen148
) (c:/texlive/2020/texmf-dist/tex/latex/amsmath/amsopn.sty
Package: amsopn 2016/03/08 v2.02 operator names
)
\inf@bad=\count188
LaTeX Info: Redefining \frac on input line 234.
\uproot@=\count189
\leftroot@=\count190
LaTeX Info: Redefining \overline on input line 399.
\classnum@=\count191
\DOTSCASE@=\count192
LaTeX Info: Redefining \ldots on input line 496.
LaTeX Info: Redefining \dots on input line 499.
LaTeX Info: Redefining \cdots on input line 620.
\Mathstrutbox@=\box47
\strutbox@=\box48
\big@size=\dimen149
LaTeX Font Info:    Redeclaring font encoding OML on input line 743.
LaTeX Font Info:    Redeclaring font encoding OMS on input line 744.
\macc@depth=\count193
\c@MaxMatrixCols=\count194
\dotsspace@=\muskip16
\c@parentequation=\count195
\dspbrk@lvl=\count196
\tag@help=\toks20
\row@=\count197
\column@=\count198
\maxfields@=\count199
\andhelp@=\toks21
\eqnshift@=\dimen150
\alignsep@=\dimen151
\tagshift@=\dimen152
\tagwidth@=\dimen153
\totwidth@=\dimen154
\lineht@=\dimen155
\@envbody=\toks22
\multlinegap=\skip50
\multlinetaggap=\skip51
\mathdisplay@stack=\toks23
LaTeX Info: Redefining \[ on input line 2923.
LaTeX Info: Redefining \] on input line 2924.
) (c:/texlive/2020/texmf-dist/tex/latex/amsfonts/amssymb.sty
Package: amssymb 2013/01/14 v3.01 AMS font symbols
 (c:/texlive/2020/texmf-dist/tex/latex/amsfonts/amsfonts.sty
Package: amsfonts 2013/01/14 v3.01 Basic AMSFonts support
\symAMSa=\mathgroup4
\symAMSb=\mathgroup5
LaTeX Font Info:    Redeclaring math symbol \hbar on input line 98.
LaTeX Font Info:    Overwriting math alphabet `\mathfrak' in version `bold'
(Font)                  U/euf/m/n --> U/euf/b/n on input line 106.
)) (c:/texlive/2020/texmf-dist/tex/latex/psnfss/helvet.sty
Package: helvet 2020/03/25 PSNFSS-v9.3 (WaS) 
) (c:/texlive/2020/texmf-dist/tex/latex/base/fontenc.sty
Package: fontenc 2020/08/10 v2.0s Standard LaTeX package
LaTeX Font Info:    Trying to load font information for T1+phv on input line 112.
 (c:/texlive/2020/texmf-dist/tex/latex/psnfss/t1phv.fd
File: t1phv.fd 2020/03/25 scalable font definitions for T1/phv.
)) (c:/texlive/2020/texmf-dist/tex/latex/enumitem/enumitem.sty
Package: enumitem 2019/06/20 v3.9 Customized lists
\labelindent=\skip52
\enit@outerparindent=\dimen156
\enit@toks=\toks24
\enit@inbox=\box49
\enit@count@id=\count266
\enitdp@description=\count267
) (c:/texlive/2020/texmf-dist/tex/latex/amscls/amsthm.sty
Package: amsthm 2020/05/29 v2.20.6
\thm@style=\toks25
\thm@bodyfont=\toks26
\thm@headfont=\toks27
\thm@notefont=\toks28
\thm@headpunct=\toks29
\thm@preskip=\skip53
\thm@postskip=\skip54
\thm@headsep=\skip55
\dth@everypar=\toks30
) (c:/texlive/2020/texmf-dist/tex/latex/setspace/setspace.sty
Package: setspace 2011/12/19 v6.7a set line spacing
) (c:/texlive/2020/texmf-dist/tex/latex/graphics/graphicx.sty
Package: graphicx 2020/09/09 v1.2b Enhanced LaTeX Graphics (DPC,SPQR)
 (c:/texlive/2020/texmf-dist/tex/latex/graphics/graphics.sty
Package: graphics 2020/08/30 v1.4c Standard LaTeX Graphics (DPC,SPQR)
 (c:/texlive/2020/texmf-dist/tex/latex/graphics/trig.sty
Package: trig 2016/01/03 v1.10 sin cos tan (DPC)
) (c:/texlive/2020/texmf-dist/tex/latex/graphics-cfg/graphics.cfg
File: graphics.cfg 2016/06/04 v1.11 sample graphics configuration
)
Package graphics Info: Driver file: pdftex.def on input line 105.
)
\Gin@req@height=\dimen157
\Gin@req@width=\dimen158
) (c:/texlive/2020/texmf-dist/tex/latex/wasysym/wasysym.sty
Package: wasysym 2020/01/19 v2.4 Wasy-2 symbol support package
\symwasy=\mathgroup6
LaTeX Font Info:    Overwriting symbol font `wasy' in version `bold'
(Font)                  U/wasy/m/n --> U/wasy/b/n on input line 93.
) (c:/texlive/2020/texmf-dist/tex/latex/zref/zref-totpages.sty
Package: zref-totpages 2020-07-03 v2.32 Module totpages for zref (HO)
 (c:/texlive/2020/texmf-dist/tex/latex/zref/zref-base.sty
Package: zref-base 2020-07-03 v2.32 Module base for zref (HO)
 (c:/texlive/2020/texmf-dist/tex/generic/ltxcmds/ltxcmds.sty
Package: ltxcmds 2020-05-10 v1.25 LaTeX kernel commands for general use (HO)
) (c:/texlive/2020/texmf-dist/tex/generic/infwarerr/infwarerr.sty
Package: infwarerr 2019/12/03 v1.5 Providing info/warning/error messages (HO)
) (c:/texlive/2020/texmf-dist/tex/generic/kvsetkeys/kvsetkeys.sty
Package: kvsetkeys 2019/12/15 v1.18 Key value parser (HO)
) (c:/texlive/2020/texmf-dist/tex/generic/kvdefinekeys/kvdefinekeys.sty
Package: kvdefinekeys 2019-12-19 v1.6 Define keys (HO)
) (c:/texlive/2020/texmf-dist/tex/generic/pdftexcmds/pdftexcmds.sty
Package: pdftexcmds 2020-06-27 v0.33 Utility functions of pdfTeX for LuaTeX (HO)
Package pdftexcmds Info: \pdf@primitive is available.
Package pdftexcmds Info: \pdf@ifprimitive is available.
Package pdftexcmds Info: \pdfdraftmode found.
) (c:/texlive/2020/texmf-dist/tex/generic/etexcmds/etexcmds.sty
Package: etexcmds 2019/12/15 v1.7 Avoid name clashes with e-TeX commands (HO)
) (c:/texlive/2020/texmf-dist/tex/latex/auxhook/auxhook.sty
Package: auxhook 2019-12-17 v1.6 Hooks for auxiliary files (HO)
)
Package zref Info: New property list: main on input line 764.
Package zref Info: New property: default on input line 765.
Package zref Info: New property: page on input line 766.
) (c:/texlive/2020/texmf-dist/tex/latex/zref/zref-abspage.sty
Package: zref-abspage 2020-07-03 v2.32 Module abspage for zref (HO)
 (c:/texlive/2020/texmf-dist/tex/latex/base/atbegshi-ltx.sty
Package: atbegshi-ltx 2020/08/17 v1.0a Emulation of the original atbegshi package
with kernel methods
)
\c@abspage=\count268
Package zref Info: New property: abspage on input line 66.
) (c:/texlive/2020/texmf-dist/tex/latex/zref/zref-lastpage.sty
Package: zref-lastpage 2020-07-03 v2.32 Module lastpage for zref (HO)
 (c:/texlive/2020/texmf-dist/tex/latex/base/atveryend-ltx.sty
Package: atveryend-ltx 2020/08/19 v1.0a Emulation of the original atvery package
with kernel methods
)
Package zref Info: New property list: LastPage on input line 59.
)) (c:/texlive/2020/texmf-dist/tex/latex/fancyhdr/fancyhdr.sty
Package: fancyhdr 2021/01/04 v4.0 Extensive control of page headers and footers
\f@nch@headwidth=\skip56
\f@nch@O@elh=\skip57
\f@nch@O@erh=\skip58
\f@nch@O@olh=\skip59
\f@nch@O@orh=\skip60
\f@nch@O@elf=\skip61
\f@nch@O@erf=\skip62
\f@nch@O@olf=\skip63
\f@nch@O@orf=\skip64
) (c:/texlive/2020/texmf-dist/tex/generic/babel/babel.sty
Package: babel 2020/12/16 3.52 The Babel package
 (c:/texlive/2020/texmf-dist/tex/generic/babel/babel.def
File: babel.def 2020/12/16 3.52 Babel common definitions
\babel@savecnt=\count269
\U@D=\dimen159
\l@babelnohyphens=\language47
 (c:/texlive/2020/texmf-dist/tex/generic/babel/txtbabel.def)
\bbl@readstream=\read2
)
\bbl@dirlevel=\count270
 (c:/texlive/2020/texmf-dist/tex/generic/babel-english/english.ldf
Language: english 2017/06/06 v3.3r English support from the babel system
Package babel Info: \l@canadian = using hyphenrules for english
(babel)             (\language0) on input line 102.
Package babel Info: \l@australian = using hyphenrules for ukenglish
(babel)             (\language11) on input line 105.
Package babel Info: \l@newzealand = using hyphenrules for ukenglish
(babel)             (\language11) on input line 108.
)) (c:/texlive/2020/texmf-dist/tex/latex/l3backend/l3backend-pdftex.def
File: l3backend-pdftex.def 2020-09-24 L3 backend support: PDF output (pdfTeX)
\l__kernel_color_stack_int=\count271
\l__pdf_internal_box=\box50
) (c:/Users/Admin/Desktop/Github/question_bank/LyX/compiled.aux)
\openout1 = `compiled.aux'.

LaTeX Font Info:    Checking defaults for OML/cmm/m/it on input line 71.
LaTeX Font Info:    ... okay on input line 71.
LaTeX Font Info:    Checking defaults for OMS/cmsy/m/n on input line 71.
LaTeX Font Info:    ... okay on input line 71.
LaTeX Font Info:    Checking defaults for OT1/cmr/m/n on input line 71.
LaTeX Font Info:    ... okay on input line 71.
LaTeX Font Info:    Checking defaults for T1/cmr/m/n on input line 71.
LaTeX Font Info:    ... okay on input line 71.
LaTeX Font Info:    Checking defaults for TS1/cmr/m/n on input line 71.
LaTeX Font Info:    ... okay on input line 71.
LaTeX Font Info:    Checking defaults for OMX/cmex/m/n on input line 71.
LaTeX Font Info:    ... okay on input line 71.
LaTeX Font Info:    Checking defaults for U/cmr/m/n on input line 71.
LaTeX Font Info:    ... okay on input line 71.

*geometry* driver: auto-detecting
*geometry* detected driver: pdftex

Package geometry Warning: The marginal notes overrun the paper.
     Add 75.0945pt and more to the right margin.

*geometry* verbose mode - [ preamble ] result:
* driver: pdftex
* paper: <default>
* layout: <same size as paper>
* layoutoffset:(h,v)=(0.0pt,0.0pt)
* modes: twoside 
* h-part:(L,W,R)=(42.67912pt, 514.71037pt, 56.9055pt)
* v-part:(T,H,B)=(51.21504pt, 629.94392pt, 113.81102pt)
* \paperwidth=614.295pt
* \paperheight=794.96999pt
* \textwidth=514.71037pt
* \textheight=629.94392pt
* \oddsidemargin=-29.59087pt
* \evensidemargin=-15.36449pt
* \topmargin=-58.05495pt
* \headheight=12.0pt
* \headsep=25.0pt
* \topskip=10.0pt
* \footskip=30.0pt
* \marginparwidth=121.0pt
* \marginparsep=11.0pt
* \columnsep=10.0pt
* \skip\footins=9.0pt plus 4.0pt minus 2.0pt
* \hoffset=0.0pt
* \voffset=0.0pt
* \mag=1000
* \@twocolumnfalse
* \@twosidetrue
* \@mparswitchtrue
* \@reversemarginfalse
* (1in=72.27pt=25.4mm, 1cm=28.453pt)

(c:/texlive/2020/texmf-dist/tex/context/base/mkii/supp-pdf.mkii
[Loading MPS to PDF converter (version 2006.09.02).]
\scratchcounter=\count272
\scratchdimen=\dimen160
\scratchbox=\box51
\nofMPsegments=\count273
\nofMParguments=\count274
\everyMPshowfont=\toks31
\MPscratchCnt=\count275
\MPscratchDim=\dimen161
\MPnumerator=\count276
\makeMPintoPDFobject=\count277
\everyMPtoPDFconversion=\toks32
) (c:/texlive/2020/texmf-dist/tex/latex/epstopdf-pkg/epstopdf-base.sty
Package: epstopdf-base 2020-01-24 v2.11 Base part for package epstopdf
Package epstopdf-base Info: Redefining graphics rule for `.eps' on input line 485.
 (c:/texlive/2020/texmf-dist/tex/latex/latexconfig/epstopdf-sys.cfg
File: epstopdf-sys.cfg 2010/07/13 v1.3 Configuration of (r)epstopdf for TeX Live
))

LaTeX Warning: Reference `LastPage' on page 2 undefined on input line 71.

LaTeX Font Info:    Trying to load font information for T1+cmtt on input line 83.
(c:/texlive/2020/texmf-dist/tex/latex/base/t1cmtt.fd
File: t1cmtt.fd 2019/12/16 v2.5j Standard LaTeX font definitions
)
LaTeX Font Info:    Trying to load font information for U+msa on input line 87.
 (c:/texlive/2020/texmf-dist/tex/latex/amsfonts/umsa.fd
File: umsa.fd 2013/01/14 v3.01 AMS symbols A
)
LaTeX Font Info:    Trying to load font information for U+msb on input line 87.
 (c:/texlive/2020/texmf-dist/tex/latex/amsfonts/umsb.fd
File: umsb.fd 2013/01/14 v3.01 AMS symbols B
)
LaTeX Font Info:    Trying to load font information for U+wasy on input line 87.
 (c:/texlive/2020/texmf-dist/tex/latex/wasysym/uwasy.fd
File: uwasy.fd 2020/01/19 v2.4 Wasy-2 symbol font definitions
)
LaTeX Font Info:    Trying to load font information for TS1+cmtt on input line 211.
 (c:/texlive/2020/texmf-dist/tex/latex/base/ts1cmtt.fd
File: ts1cmtt.fd 2019/12/16 v2.5j Standard LaTeX font definitions
)
Underfull \hbox (badness 10000) in paragraph at lines 211--211
[]\T1/cmtt/m/n/10 09   IF MaxSize[TableNumber] > NumberOfCustomers AND
 []


Underfull \vbox (badness 10000) has occurred while \output is active []

 [2{c:/texlive/2020/texmf-var/fonts/map/pdftex/updmap/pdftex.map}

] [3] [4] [5]
<C:/Users/Admin/Desktop/Github/question_bank/LyX/static/img/9597-ACJC-2021-P1-Q3-1.png, id=19, 426.09187pt x 531.48563pt>
File: C:/Users/Admin/Desktop/Github/question_bank/LyX/static/img/9597-ACJC-2021-P1-Q3-1.png Graphic file (type png)
<use C:/Users/Admin/Desktop/Github/question_bank/LyX/static/img/9597-ACJC-2021-P1-Q3-1.png>
Package pdftex.def Info: C:/Users/Admin/Desktop/Github/question_bank/LyX/static/img/9597-ACJC-2021-P1-Q3-1.png  used on input line 289.
(pdftex.def)             Requested size: 340.87395pt x 425.18907pt.
<C:/Users/Admin/Desktop/Github/question_bank/LyX/static/img/9597-ACJC-2021-P1-Q3-2.png, id=21, 321.45094pt x 134.75343pt>
File: C:/Users/Admin/Desktop/Github/question_bank/LyX/static/img/9597-ACJC-2021-P1-Q3-2.png Graphic file (type png)
<use C:/Users/Admin/Desktop/Github/question_bank/LyX/static/img/9597-ACJC-2021-P1-Q3-2.png>
Package pdftex.def Info: C:/Users/Admin/Desktop/Github/question_bank/LyX/static/img/9597-ACJC-2021-P1-Q3-2.png  used on input line 295.
(pdftex.def)             Requested size: 257.16109pt x 107.80289pt.

Underfull \vbox (badness 10000) has occurred while \output is active []

 [6 <c:/Users/Admin/Desktop/Github/question_bank/LyX/static/img/9597-ACJC-2021-P1-Q3-1.png>] [7 <c:/Users/Admin/Desktop/Github/question_bank/LyX/static/img/9597-ACJC-2021-P1-Q3-2.png>] [8]
c:/Users/Admin/Desktop/Github/question_bank/LyX/compiled.tex:396: Undefined control sequence.
<recently read> \multirow 
                          
l.396 \multirow
               {3}{*}{5 } & \multirow{3}{*}{Lindy White} & \multirow{3}{*}{S...
The control sequence at the end of the top line
of your error message was never \def'ed. If you have
misspelled it (e.g., `\hobx'), type `I' and the correct
spelling (e.g., `I\hbox'). Otherwise just continue,
and I'll forget about whatever was undefined.

c:/Users/Admin/Desktop/Github/question_bank/LyX/compiled.tex:396: Undefined control sequence.
l.396 \multirow{3}{*}{5 } & \multirow
                                     {3}{*}{Lindy White} & \multirow{3}{*}{S...
The control sequence at the end of the top line
of your error message was never \def'ed. If you have
misspelled it (e.g., `\hobx'), type `I' and the correct
spelling (e.g., `I\hbox'). Otherwise just continue,
and I'll forget about whatever was undefined.

c:/Users/Admin/Desktop/Github/question_bank/LyX/compiled.tex:396: Undefined control sequence.
l.396 ... \multirow{3}{*}{Lindy White} & \multirow
                                                  {3}{*}{Silver } & Body Pum...
The control sequence at the end of the top line
of your error message was never \def'ed. If you have
misspelled it (e.g., `\hobx'), type `I' and the correct
spelling (e.g., `I\hbox'). Otherwise just continue,
and I'll forget about whatever was undefined.

c:/Users/Admin/Desktop/Github/question_bank/LyX/compiled.tex:408: Undefined control sequence.
<recently read> \multirow 
                          
l.408 \multirow
               {4}{*}{132} & \multirow{4}{*}{John Chua } & \multirow{4}{*}{D...
The control sequence at the end of the top line
of your error message was never \def'ed. If you have
misspelled it (e.g., `\hobx'), type `I' and the correct
spelling (e.g., `I\hbox'). Otherwise just continue,
and I'll forget about whatever was undefined.

c:/Users/Admin/Desktop/Github/question_bank/LyX/compiled.tex:408: Undefined control sequence.
l.408 \multirow{4}{*}{132} & \multirow
                                      {4}{*}{John Chua } & \multirow{4}{*}{D...
The control sequence at the end of the top line
of your error message was never \def'ed. If you have
misspelled it (e.g., `\hobx'), type `I' and the correct
spelling (e.g., `I\hbox'). Otherwise just continue,
and I'll forget about whatever was undefined.

c:/Users/Admin/Desktop/Github/question_bank/LyX/compiled.tex:408: Undefined control sequence.
l.408 ...& \multirow{4}{*}{John Chua } & \multirow
                                                  {4}{*}{Diamond } & Circuit...
The control sequence at the end of the top line
of your error message was never \def'ed. If you have
misspelled it (e.g., `\hobx'), type `I' and the correct
spelling (e.g., `I\hbox'). Otherwise just continue,
and I'll forget about whatever was undefined.

[9]
LaTeX Font Info:    Trying to load font information for TS1+phv on input line 446.
 (c:/texlive/2020/texmf-dist/tex/latex/psnfss/ts1phv.fd
File: ts1phv.fd 2020/03/25 scalable font definitions for TS1/phv.
)
c:/Users/Admin/Desktop/Github/question_bank/LyX/compiled.tex:458: Undefined control sequence.
<recently read> \uline 
                       
l.458 ...tt{TableName(}\texttt{\uline{Attribute1}}
                                                  \texttt{, Attribute2{*},
The control sequence at the end of the top line
of your error message was never \def'ed. If you have
misspelled it (e.g., `\hobx'), type `I' and the correct
spelling (e.g., `I\hbox'). Otherwise just continue,
and I'll forget about whatever was undefined.

[10]
<C:/Users/Admin/Desktop/Github/question_bank/LyX/static/img/9597-ACJC-2021-P1-Q5.png, id=40, 415.5525pt x 356.83313pt>
File: C:/Users/Admin/Desktop/Github/question_bank/LyX/static/img/9597-ACJC-2021-P1-Q5.png Graphic file (type png)
<use C:/Users/Admin/Desktop/Github/question_bank/LyX/static/img/9597-ACJC-2021-P1-Q5.png>
Package pdftex.def Info: C:/Users/Admin/Desktop/Github/question_bank/LyX/static/img/9597-ACJC-2021-P1-Q5.png  used on input line 482.
(pdftex.def)             Requested size: 332.44244pt x 285.46687pt.
 [11 <c:/Users/Admin/Desktop/Github/question_bank/LyX/static/img/9597-ACJC-2021-P1-Q5.png>]
<C:/Users/Admin/Desktop/Github/question_bank/LyX/static/img/9597-ACJC-2021-P1-Q6.png, id=45, 636.87938pt x 181.42781pt>
File: C:/Users/Admin/Desktop/Github/question_bank/LyX/static/img/9597-ACJC-2021-P1-Q6.png Graphic file (type png)
<use C:/Users/Admin/Desktop/Github/question_bank/LyX/static/img/9597-ACJC-2021-P1-Q6.png>
Package pdftex.def Info: C:/Users/Admin/Desktop/Github/question_bank/LyX/static/img/9597-ACJC-2021-P1-Q6.png  used on input line 516.
(pdftex.def)             Requested size: 318.4389pt x 90.71368pt.
 [12 <c:/Users/Admin/Desktop/Github/question_bank/LyX/static/img/9597-ACJC-2021-P1-Q6.png>] [13]
Underfull \vbox (badness 10000) has occurred while \output is active []

 [14]
<C:/Users/Admin/Desktop/Github/question_bank/LyX/static/img/9597-ACJC-2021-P2-Q1.png, id=61, 112.92188pt x 97.11281pt>
File: C:/Users/Admin/Desktop/Github/question_bank/LyX/static/img/9597-ACJC-2021-P2-Q1.png Graphic file (type png)
<use C:/Users/Admin/Desktop/Github/question_bank/LyX/static/img/9597-ACJC-2021-P2-Q1.png>
Package pdftex.def Info: C:/Users/Admin/Desktop/Github/question_bank/LyX/static/img/9597-ACJC-2021-P2-Q1.png  used on input line 679.
(pdftex.def)             Requested size: 90.3376pt x 77.69034pt.
 [15 <c:/Users/Admin/Desktop/Github/question_bank/LyX/static/img/9597-ACJC-2021-P2-Q1.png>]
Overfull \hbox (29.62828pt too wide) in paragraph at lines 703--705
\T1/phv/m/n/10 Download your pro-gram code and out-put for Task 1 as \T1/cmtt/m/n/10 TASK1_<your name>_<centre number>_<index number>.ipynb 
 []

[16] [17]
Overfull \hbox (29.62828pt too wide) in paragraph at lines 784--786
\T1/phv/m/n/10 Download your pro-gram code and out-put for Task 2 as \T1/cmtt/m/n/10 TASK2_<your name>_<centre number>_<index number>.ipynb 
 []

<C:/Users/Admin/Desktop/Github/question_bank/LyX/static/img/9597-ACJC-2021-P2-Q2.png, id=72, 423.08063pt x 548.80031pt>
File: C:/Users/Admin/Desktop/Github/question_bank/LyX/static/img/9597-ACJC-2021-P2-Q2.png Graphic file (type png)
<use C:/Users/Admin/Desktop/Github/question_bank/LyX/static/img/9597-ACJC-2021-P2-Q2.png>
Package pdftex.def Info: C:/Users/Admin/Desktop/Github/question_bank/LyX/static/img/9597-ACJC-2021-P2-Q2.png  used on input line 790.
(pdftex.def)             Requested size: 338.46495pt x 439.04083pt.

Underfull \vbox (badness 10000) has occurred while \output is active []

 [18] [19 <c:/Users/Admin/Desktop/Github/question_bank/LyX/static/img/9597-ACJC-2021-P2-Q2.png>] [20] [21] [22] [23]
Overfull \hbox (2.33499pt too wide) in paragraph at lines 982--985
\T1/phv/m/n/10 For \T1/cmtt/m/n/10 BENTOBOX.txt\T1/phv/m/n/10 , in-for-ma-tion about each bento box is given in the fol-low-ing or-der: \T1/cmtt/m/n/10 BentoName\T1/phv/m/n/10 , \T1/cmtt/m/n/10 ProductionCost\T1/phv/m/n/10 ,
 []


Overfull \hbox (14.98285pt too wide) in paragraph at lines 1029--1031
\T1/phv/m/n/10 with any ad-di-tional files / sub-folders as needed in a folder named \T1/cmtt/m/n/10 TASK4_3_<your name>_<centre number>_<index
 []

[24] [25] [26] [27] [28]
<C:/Users/Admin/Desktop/Github/question_bank/static/img/9597-DHS-2021-P1-Q4-1.png, id=109, 617.30624pt x 244.66406pt>
File: C:/Users/Admin/Desktop/Github/question_bank/static/img/9597-DHS-2021-P1-Q4-1.png Graphic file (type png)
<use C:/Users/Admin/Desktop/Github/question_bank/static/img/9597-DHS-2021-P1-Q4-1.png>
Package pdftex.def Info: C:/Users/Admin/Desktop/Github/question_bank/static/img/9597-DHS-2021-P1-Q4-1.png  used on input line 1135.
(pdftex.def)             Requested size: 307.14749pt x 121.73813pt.
<C:/Users/Admin/Desktop/Github/question_bank/static/img/9597-DHS-2021-P1-Q4-2.png, id=110, 556.32843pt x 204.01219pt>
File: C:/Users/Admin/Desktop/Github/question_bank/static/img/9597-DHS-2021-P1-Q4-2.png Graphic file (type png)
<use C:/Users/Admin/Desktop/Github/question_bank/static/img/9597-DHS-2021-P1-Q4-2.png>
Package pdftex.def Info: C:/Users/Admin/Desktop/Github/question_bank/static/img/9597-DHS-2021-P1-Q4-2.png  used on input line 1161.
(pdftex.def)             Requested size: 307.14749pt x 112.63663pt.
 [29 <c:/Users/Admin/Desktop/Github/question_bank/static/img/9597-DHS-2021-P1-Q4-1.png>] [30 <c:/Users/Admin/Desktop/Github/question_bank/static/img/9597-DHS-2021-P1-Q4-2.png>]
<C:/Users/Admin/Desktop/Github/question_bank/static/img/9597-DHS-2021-P1-Q5.png, id=117, 631.60968pt x 280.04625pt>
File: C:/Users/Admin/Desktop/Github/question_bank/static/img/9597-DHS-2021-P1-Q5.png Graphic file (type png)
<use C:/Users/Admin/Desktop/Github/question_bank/static/img/9597-DHS-2021-P1-Q5.png>
Package pdftex.def Info: C:/Users/Admin/Desktop/Github/question_bank/static/img/9597-DHS-2021-P1-Q5.png  used on input line 1174.
(pdftex.def)             Requested size: 307.14749pt x 136.18547pt.
 [31 <c:/Users/Admin/Desktop/Github/question_bank/static/img/9597-DHS-2021-P1-Q5.png>] [32]
Overfull \hbox (25.00003pt too wide) in paragraph at lines 1237--1345
[] 
 []


Underfull \vbox (badness 10000) has occurred while \output is active []

 [33]
Overfull \vbox (275.2401pt too high) has occurred while \output is active []

 [34]
Overfull \hbox (25.00003pt too wide) in paragraph at lines 1360--1409
[] 
 []


Overfull \hbox (25.00003pt too wide) in paragraph at lines 1410--1538
[] 
 []


Underfull \vbox (badness 6675) has occurred while \output is active []

 [35]
Overfull \vbox (415.26872pt too high) has occurred while \output is active []

 [36]
Underfull \hbox (badness 10000) in paragraph at lines 1587--1588
[]\T1/cmtt/m/n/10 17     the value of each element of input_array from compared_item_index to
 []


Underfull \hbox (badness 10000) in paragraph at lines 1587--1588
\T1/cmtt/m/n/10 (current_elem_index ^^U 1) is sequentially assigned to each element of input_array from
 []


Overfull \hbox (25.00003pt too wide) in paragraph at lines 1545--1615
[] 
 []


Underfull \vbox (badness 10000) has occurred while \output is active []

 [37] [38] [39] [40]
Overfull \hbox (49.25896pt too wide) in paragraph at lines 1733--1738
\T1/phv/m/n/10 mes-sage strings and re-turns the en-crypted or de-crypted \T1/cmtt/m/n/10 message\T1/phv/m/n/10 . It should use the above func-tion \T1/cmtt/m/n/10 generateKey(password,
 []

[41]
c:/Users/Admin/Desktop/Github/question_bank/LyX/compiled.tex:2045: Undefined control sequence.
<recently read> \uline 
                       
l.2045 \end{minipage}}
                      
The control sequence at the end of the top line
of your error message was never \def'ed. If you have
misspelled it (e.g., `\hobx'), type `I' and the correct
spelling (e.g., `I\hbox'). Otherwise just continue,
and I'll forget about whatever was undefined.

c:/Users/Admin/Desktop/Github/question_bank/LyX/compiled.tex:2045: Undefined control sequence.
<recently read> \uline 
                       
l.2045 \end{minipage}}
                      
The control sequence at the end of the top line
of your error message was never \def'ed. If you have
misspelled it (e.g., `\hobx'), type `I' and the correct
spelling (e.g., `I\hbox'). Otherwise just continue,
and I'll forget about whatever was undefined.

c:/Users/Admin/Desktop/Github/question_bank/LyX/compiled.tex:2045: Undefined control sequence.
<recently read> \uline 
                       
l.2045 \end{minipage}}
                      
The control sequence at the end of the top line
of your error message was never \def'ed. If you have
misspelled it (e.g., `\hobx'), type `I' and the correct
spelling (e.g., `I\hbox'). Otherwise just continue,
and I'll forget about whatever was undefined.

c:/Users/Admin/Desktop/Github/question_bank/LyX/compiled.tex:2045: Undefined control sequence.
<recently read> \uline 
                       
l.2045 \end{minipage}}
                      
The control sequence at the end of the top line
of your error message was never \def'ed. If you have
misspelled it (e.g., `\hobx'), type `I' and the correct
spelling (e.g., `I\hbox'). Otherwise just continue,
and I'll forget about whatever was undefined.


Underfull \hbox (badness 10000) in paragraph at lines 2045--2045
[]\T1/cmtt/m/n/10 Items in queue now are: Team1, Team1, Team1, Team1, Team1, Team1, Team1, Team1, Team1, Team1,
 []


Underfull \hbox (badness 10000) in paragraph at lines 2045--2045
\T1/cmtt/m/n/10 Team1, Team1, Team1, Team1, Team1, Team1, Team1, Team1, Team1, Team1, Team1, Team1, Team1, Team1,
 []


Underfull \hbox (badness 10000) in paragraph at lines 2045--2045
\T1/cmtt/m/n/10 Team1, Team1, Team1, Team1, Team1, Team1, Team1, Team1, Team1, Team1, Team1, Team1, Team1, Team1,
 []


Underfull \hbox (badness 10000) in paragraph at lines 2045--2045
\T1/cmtt/m/n/10 Team1, Team1, Team1, Team1, Team1, Team1, Team1, Team1, Team1, Team1, Team1, Team1, Team1, Team1,
 []


Underfull \hbox (badness 10000) in paragraph at lines 2045--2045
\T1/cmtt/m/n/10 Team1, Team1, Team1, Team1, Team1, Team1, Team1, Team1, Team1, Team1, Team1, Team1, Team1, Team1,
 []


Underfull \hbox (badness 10000) in paragraph at lines 2045--2045
\T1/cmtt/m/n/10 Team1, Team1, Team1, Team1, Team1, Team1, Team1, Team1, Team1, Team1, Team1, Team1, Team1, Team1,
 []


Underfull \hbox (badness 10000) in paragraph at lines 2045--2045
\T1/cmtt/m/n/10 Team1, Team1, Team1, Team1, Team1, Team1, Team1, Team1, Team1, Team1, Team1, Team1, Team1, Team1,
 []


Underfull \hbox (badness 10000) in paragraph at lines 2045--2045
\T1/cmtt/m/n/10 Team1, Team1, Team1, Team1, Team1, Team1, Team1, Team1, Team1, Team1, Team1, Team1, Team1, Team1,
 []


Underfull \hbox (badness 10000) in paragraph at lines 2045--2045
\T1/cmtt/m/n/10 Team1, Team1, Team1, Team1, Team1, Team1, Team1, Team1, Team1, Team1, Team1, Team1, Team1, Team1,
 []


Underfull \hbox (badness 10000) in paragraph at lines 2045--2045
\T1/cmtt/m/n/10 Team1, Team1, Team1, Team1, Team1, Team1, Team1, Team1, Team1, Team1, Team1, Team1, Team1, Team1,
 []

c:/Users/Admin/Desktop/Github/question_bank/LyX/compiled.tex:2045: Undefined control sequence.
<recently read> \uline 
                       
l.2045 \end{minipage}}
                      
The control sequence at the end of the top line
of your error message was never \def'ed. If you have
misspelled it (e.g., `\hobx'), type `I' and the correct
spelling (e.g., `I\hbox'). Otherwise just continue,
and I'll forget about whatever was undefined.

c:/Users/Admin/Desktop/Github/question_bank/LyX/compiled.tex:2045: Undefined control sequence.
<recently read> \uline 
                       
l.2045 \end{minipage}}
                      
The control sequence at the end of the top line
of your error message was never \def'ed. If you have
misspelled it (e.g., `\hobx'), type `I' and the correct
spelling (e.g., `I\hbox'). Otherwise just continue,
and I'll forget about whatever was undefined.

c:/Users/Admin/Desktop/Github/question_bank/LyX/compiled.tex:2045: Undefined control sequence.
<recently read> \uline 
                       
l.2045 \end{minipage}}
                      
The control sequence at the end of the top line
of your error message was never \def'ed. If you have
misspelled it (e.g., `\hobx'), type `I' and the correct
spelling (e.g., `I\hbox'). Otherwise just continue,
and I'll forget about whatever was undefined.

c:/Users/Admin/Desktop/Github/question_bank/LyX/compiled.tex:2045: Undefined control sequence.
<recently read> \uline 
                       
l.2045 \end{minipage}}
                      
The control sequence at the end of the top line
of your error message was never \def'ed. If you have
misspelled it (e.g., `\hobx'), type `I' and the correct
spelling (e.g., `I\hbox'). Otherwise just continue,
and I'll forget about whatever was undefined.

c:/Users/Admin/Desktop/Github/question_bank/LyX/compiled.tex:2045: Undefined control sequence.
<recently read> \uline 
                       
l.2045 \end{minipage}}
                      
The control sequence at the end of the top line
of your error message was never \def'ed. If you have
misspelled it (e.g., `\hobx'), type `I' and the correct
spelling (e.g., `I\hbox'). Otherwise just continue,
and I'll forget about whatever was undefined.


Underfull \hbox (badness 10000) in paragraph at lines 2045--2045
[]\T1/cmtt/m/n/10 Team1, Team1, Team1, Team1, Team1, Team1, Team1, Team1, Team1, Team1, Team1, Team1, Team1, Team1,
 []


Underfull \hbox (badness 10000) in paragraph at lines 2045--2045
\T1/cmtt/m/n/10 Team1, Team1, Team1, Team1, Team1, Team1, Team1, Team1, Team1, Team1, Team1, Team1, Team1, Team1,
 []


Underfull \hbox (badness 10000) in paragraph at lines 2045--2045
\T1/cmtt/m/n/10 Team1, Team1, Team1, Team1, Team1, Team1, Team1, Team1, Team1, Team1, Team1, Team1, Team1, Team1,
 []


Underfull \hbox (badness 10000) in paragraph at lines 2045--2045
\T1/cmtt/m/n/10 Team1, Team1, Team1, Team1, Team1, Team1, Team1, Team1, Team1, Team1, Team1, Team1, Team1, Team1,
 []


Underfull \hbox (badness 10000) in paragraph at lines 2045--2045
\T1/cmtt/m/n/10 Team1, Team1, Team1, Team1, Team1, Team1, Team1, Team1, Team1, Team1, Team1, Team1, Team1, Team1,
 []


Underfull \hbox (badness 10000) in paragraph at lines 2045--2045
\T1/cmtt/m/n/10 Team1, Team1, Team1, Team1, Team1, Team1, Team1, Team1, Team1, Team1, Team1, Team1, Team1, Team1,
 []


Underfull \hbox (badness 10000) in paragraph at lines 2045--2045
\T1/cmtt/m/n/10 Team1, Team1, Team1, Team1, Team1, Team1, Team1, Team1, Team1, Team1, Team1, Team1, Team1, Team1,
 []


Underfull \hbox (badness 10000) in paragraph at lines 2045--2045
\T1/cmtt/m/n/10 Team1, Team1, Team1, Team1, Team1, Team1, Team1, Team1, Team1, Team1, Team1, Team1, Team1, Team1,
 []


Underfull \hbox (badness 10000) in paragraph at lines 2045--2045
\T1/cmtt/m/n/10 Team1, Team1, Team1, Team1, Team1, Team1, Team1, Team1, Team1, Team1, Team1, Team1, Team1, Team1,
 []


Underfull \hbox (badness 10000) in paragraph at lines 2045--2045
\T1/cmtt/m/n/10 Team1, Team1, Team1, Team1, Team1, Team1, Team1, Team1, Team1, Team1, Team1, Team1, Team1, Team1,
 []


Underfull \hbox (badness 10000) in paragraph at lines 2045--2045
\T1/cmtt/m/n/10 Team1, Team1, Team1, Team4, Team4, Team4, Team4, Team4, Team4, Team4, Team4, Team4, Team4, Team4,
 []

c:/Users/Admin/Desktop/Github/question_bank/LyX/compiled.tex:2045: Undefined control sequence.
<recently read> \uline 
                       
l.2045 \end{minipage}}
                      
The control sequence at the end of the top line
of your error message was never \def'ed. If you have
misspelled it (e.g., `\hobx'), type `I' and the correct
spelling (e.g., `I\hbox'). Otherwise just continue,
and I'll forget about whatever was undefined.


Underfull \hbox (badness 10000) in paragraph at lines 2045--2045
[]\T1/cmtt/m/n/10 Team4, Team4, Team4, Team4, Team4, Team4, Team4, Team4, Team4, Team4, Team4, Team4, Team4, Team4,
 []

c:/Users/Admin/Desktop/Github/question_bank/LyX/compiled.tex:2045: Undefined control sequence.
<recently read> \uline 
                       
l.2045 \end{minipage}}
                      
The control sequence at the end of the top line
of your error message was never \def'ed. If you have
misspelled it (e.g., `\hobx'), type `I' and the correct
spelling (e.g., `I\hbox'). Otherwise just continue,
and I'll forget about whatever was undefined.


Overfull \hbox (55.13959pt too wide) in paragraph at lines 1784--2046
[] 
 []


Underfull \vbox (badness 10000) has occurred while \output is active []

 [42]
Overfull \vbox (2161.86754pt too high) has occurred while \output is active []

 [43]
LaTeX Font Info:    Font shape `T1/cmtt/bx/n' in size <10> not available
(Font)              Font shape `T1/cmtt/m/n' tried instead on input line 2235.
LaTeX Font Info:    Font shape `T1/cmtt/bx/it' in size <10> not available
(Font)              Font shape `T1/cmtt/m/it' tried instead on input line 2235.

c:/Users/Admin/Desktop/Github/question_bank/LyX/compiled.tex:2235: Undefined control sequence.
<recently read> \uline 
                       
l.2235 \end{minipage}}
                      
The control sequence at the end of the top line
of your error message was never \def'ed. If you have
misspelled it (e.g., `\hobx'), type `I' and the correct
spelling (e.g., `I\hbox'). Otherwise just continue,
and I'll forget about whatever was undefined.

c:/Users/Admin/Desktop/Github/question_bank/LyX/compiled.tex:2235: Undefined control sequence.
<recently read> \uline 
                       
l.2235 \end{minipage}}
                      
The control sequence at the end of the top line
of your error message was never \def'ed. If you have
misspelled it (e.g., `\hobx'), type `I' and the correct
spelling (e.g., `I\hbox'). Otherwise just continue,
and I'll forget about whatever was undefined.

c:/Users/Admin/Desktop/Github/question_bank/LyX/compiled.tex:2235: Undefined control sequence.
<recently read> \uline 
                       
l.2235 \end{minipage}}
                      
The control sequence at the end of the top line
of your error message was never \def'ed. If you have
misspelled it (e.g., `\hobx'), type `I' and the correct
spelling (e.g., `I\hbox'). Otherwise just continue,
and I'll forget about whatever was undefined.

c:/Users/Admin/Desktop/Github/question_bank/LyX/compiled.tex:2235: Undefined control sequence.
<recently read> \uline 
                       
l.2235 \end{minipage}}
                      
The control sequence at the end of the top line
of your error message was never \def'ed. If you have
misspelled it (e.g., `\hobx'), type `I' and the correct
spelling (e.g., `I\hbox'). Otherwise just continue,
and I'll forget about whatever was undefined.

c:/Users/Admin/Desktop/Github/question_bank/LyX/compiled.tex:2235: Undefined control sequence.
<recently read> \uline 
                       
l.2235 \end{minipage}}
                      
The control sequence at the end of the top line
of your error message was never \def'ed. If you have
misspelled it (e.g., `\hobx'), type `I' and the correct
spelling (e.g., `I\hbox'). Otherwise just continue,
and I'll forget about whatever was undefined.

c:/Users/Admin/Desktop/Github/question_bank/LyX/compiled.tex:2235: Undefined control sequence.
<recently read> \uline 
                       
l.2235 \end{minipage}}
                      
The control sequence at the end of the top line
of your error message was never \def'ed. If you have
misspelled it (e.g., `\hobx'), type `I' and the correct
spelling (e.g., `I\hbox'). Otherwise just continue,
and I'll forget about whatever was undefined.

c:/Users/Admin/Desktop/Github/question_bank/LyX/compiled.tex:2235: Undefined control sequence.
<recently read> \uline 
                       
l.2235 \end{minipage}}
                      
The control sequence at the end of the top line
of your error message was never \def'ed. If you have
misspelled it (e.g., `\hobx'), type `I' and the correct
spelling (e.g., `I\hbox'). Otherwise just continue,
and I'll forget about whatever was undefined.

c:/Users/Admin/Desktop/Github/question_bank/LyX/compiled.tex:2235: Undefined control sequence.
<recently read> \uline 
                       
l.2235 \end{minipage}}
                      
The control sequence at the end of the top line
of your error message was never \def'ed. If you have
misspelled it (e.g., `\hobx'), type `I' and the correct
spelling (e.g., `I\hbox'). Otherwise just continue,
and I'll forget about whatever was undefined.

c:/Users/Admin/Desktop/Github/question_bank/LyX/compiled.tex:2235: Undefined control sequence.
<recently read> \uline 
                       
l.2235 \end{minipage}}
                      
The control sequence at the end of the top line
of your error message was never \def'ed. If you have
misspelled it (e.g., `\hobx'), type `I' and the correct
spelling (e.g., `I\hbox'). Otherwise just continue,
and I'll forget about whatever was undefined.

c:/Users/Admin/Desktop/Github/question_bank/LyX/compiled.tex:2235: Undefined control sequence.
<recently read> \uline 
                       
l.2235 \end{minipage}}
                      
The control sequence at the end of the top line
of your error message was never \def'ed. If you have
misspelled it (e.g., `\hobx'), type `I' and the correct
spelling (e.g., `I\hbox'). Otherwise just continue,
and I'll forget about whatever was undefined.

c:/Users/Admin/Desktop/Github/question_bank/LyX/compiled.tex:2235: Undefined control sequence.
<recently read> \uline 
                       
l.2235 \end{minipage}}
                      
The control sequence at the end of the top line
of your error message was never \def'ed. If you have
misspelled it (e.g., `\hobx'), type `I' and the correct
spelling (e.g., `I\hbox'). Otherwise just continue,
and I'll forget about whatever was undefined.

c:/Users/Admin/Desktop/Github/question_bank/LyX/compiled.tex:2235: Undefined control sequence.
<recently read> \uline 
                       
l.2235 \end{minipage}}
                      
The control sequence at the end of the top line
of your error message was never \def'ed. If you have
misspelled it (e.g., `\hobx'), type `I' and the correct
spelling (e.g., `I\hbox'). Otherwise just continue,
and I'll forget about whatever was undefined.

c:/Users/Admin/Desktop/Github/question_bank/LyX/compiled.tex:2235: Undefined control sequence.
<recently read> \uline 
                       
l.2235 \end{minipage}}
                      
The control sequence at the end of the top line
of your error message was never \def'ed. If you have
misspelled it (e.g., `\hobx'), type `I' and the correct
spelling (e.g., `I\hbox'). Otherwise just continue,
and I'll forget about whatever was undefined.

c:/Users/Admin/Desktop/Github/question_bank/LyX/compiled.tex:2235: Undefined control sequence.
<recently read> \uline 
                       
l.2235 \end{minipage}}
                      
The control sequence at the end of the top line
of your error message was never \def'ed. If you have
misspelled it (e.g., `\hobx'), type `I' and the correct
spelling (e.g., `I\hbox'). Otherwise just continue,
and I'll forget about whatever was undefined.

c:/Users/Admin/Desktop/Github/question_bank/LyX/compiled.tex:2235: Undefined control sequence.
<recently read> \uline 
                       
l.2235 \end{minipage}}
                      
The control sequence at the end of the top line
of your error message was never \def'ed. If you have
misspelled it (e.g., `\hobx'), type `I' and the correct
spelling (e.g., `I\hbox'). Otherwise just continue,
and I'll forget about whatever was undefined.


Overfull \hbox (55.13959pt too wide) in paragraph at lines 2047--2236
[] 
 []


Overfull \vbox (1291.29588pt too high) has occurred while \output is active []

 [44] [45] [46]
Overfull \hbox (11.46211pt too wide) in paragraph at lines 2304--2308
[]\T1/phv/m/n/10 3. dis-plays "\T1/cmtt/m/n/10 Good job!\T1/phv/m/n/10 " if the in-put is cor-rect or "\T1/cmtt/m/n/10 Wrong answer. (Correct answer: <answer>)\T1/phv/m/n/10 "
 []

[47]
Overfull \hbox (25.00003pt too wide) in paragraph at lines 2375--2428
[] 
 []


Underfull \vbox (badness 10000) has occurred while \output is active []

 [48] [49] [50] [51] [52] [53] [54]
Overfull \hbox (25.00003pt too wide) in paragraph at lines 2659--2678
[] 
 []

[55] [56] [57] [58] [59]
<C:/Users/Admin/Desktop/Github/question_bank/LyX/static/img/9569-HCI-2021-P1-Q7.png, id=212, 578.91281pt x 79.04532pt>
File: C:/Users/Admin/Desktop/Github/question_bank/LyX/static/img/9569-HCI-2021-P1-Q7.png Graphic file (type png)
<use C:/Users/Admin/Desktop/Github/question_bank/LyX/static/img/9569-HCI-2021-P1-Q7.png>
Package pdftex.def Info: C:/Users/Admin/Desktop/Github/question_bank/LyX/static/img/9569-HCI-2021-P1-Q7.png  used on input line 2795.
(pdftex.def)             Requested size: 307.14749pt x 41.93843pt.
 [60 <c:/Users/Admin/Desktop/Github/question_bank/LyX/static/img/9569-HCI-2021-P1-Q7.png>]
<C:/Users/Admin/Desktop/Github/question_bank/LyX/static/img/9569-HCI-2021-P1-Q8-1.png, id=216, 633.86812pt x 405.01312pt>
File: C:/Users/Admin/Desktop/Github/question_bank/LyX/static/img/9569-HCI-2021-P1-Q8-1.png Graphic file (type png)
<use C:/Users/Admin/Desktop/Github/question_bank/LyX/static/img/9569-HCI-2021-P1-Q8-1.png>
Package pdftex.def Info: C:/Users/Admin/Desktop/Github/question_bank/LyX/static/img/9569-HCI-2021-P1-Q8-1.png  used on input line 2822.
(pdftex.def)             Requested size: 307.14749pt x 196.25807pt.
<C:/Users/Admin/Desktop/Github/question_bank/LyX/static/img/9569-HCI-2021-P1-Q8-2.png, id=217, 544.28343pt x 577.40718pt>
File: C:/Users/Admin/Desktop/Github/question_bank/LyX/static/img/9569-HCI-2021-P1-Q8-2.png Graphic file (type png)
<use C:/Users/Admin/Desktop/Github/question_bank/LyX/static/img/9569-HCI-2021-P1-Q8-2.png>
Package pdftex.def Info: C:/Users/Admin/Desktop/Github/question_bank/LyX/static/img/9569-HCI-2021-P1-Q8-2.png  used on input line 2829.
(pdftex.def)             Requested size: 307.14749pt x 325.83919pt.

Underfull \vbox (badness 10000) has occurred while \output is active []

 [61 <c:/Users/Admin/Desktop/Github/question_bank/LyX/static/img/9569-HCI-2021-P1-Q8-1.png>]
c:/Users/Admin/Desktop/Github/question_bank/LyX/compiled.tex:2842: Undefined control sequence.
<recently read> \uline 
                       
l.2842 ...{TableName (}\texttt{\uline{Attribute1}}
                                                  \texttt{, Attribute2{*},
The control sequence at the end of the top line
of your error message was never \def'ed. If you have
misspelled it (e.g., `\hobx'), type `I' and the correct
spelling (e.g., `I\hbox'). Otherwise just continue,
and I'll forget about whatever was undefined.

[62 <c:/Users/Admin/Desktop/Github/question_bank/LyX/static/img/9569-HCI-2021-P1-Q8-2.png>]
c:/Users/Admin/Desktop/Github/question_bank/LyX/compiled.tex:2870: Undefined control sequence.
l.2870 \multirow
                {2}{*}{\texttt{In{[}1{]}:}} & \texttt{\# Task 1.1}\tabularne...
The control sequence at the end of the top line
of your error message was never \def'ed. If you have
misspelled it (e.g., `\hobx'), type `I' and the correct
spelling (e.g., `I\hbox'). Otherwise just continue,
and I'll forget about whatever was undefined.

c:/Users/Admin/Desktop/Github/question_bank/LyX/compiled.tex:2873: Undefined control sequence.
l.2873 \multirow
                {2}{*}{\texttt{In{[}2{]}:}} & \texttt{\# Task 1.2}\tabularne...
The control sequence at the end of the top line
of your error message was never \def'ed. If you have
misspelled it (e.g., `\hobx'), type `I' and the correct
spelling (e.g., `I\hbox'). Otherwise just continue,
and I'll forget about whatever was undefined.

c:/Users/Admin/Desktop/Github/question_bank/LyX/compiled.tex:2876: Undefined control sequence.
l.2876 \multirow
                {2}{*}{\texttt{In{[}3{]}:}} & \texttt{\# Task 1.3}\tabularne...
The control sequence at the end of the top line
of your error message was never \def'ed. If you have
misspelled it (e.g., `\hobx'), type `I' and the correct
spelling (e.g., `I\hbox'). Otherwise just continue,
and I'll forget about whatever was undefined.

[63] [64]
Overfull \hbox (55.13959pt too wide) in paragraph at lines 2936--2948
[] 
 []

[65] [66] [67]
<C:/Users/Admin/Desktop/Github/question_bank/LyX/static/img/9569-HCI-2021-P2-Q3-1.png, id=240, 429.10312pt x 491.58656pt>
File: C:/Users/Admin/Desktop/Github/question_bank/LyX/static/img/9569-HCI-2021-P2-Q3-1.png Graphic file (type png)
<use C:/Users/Admin/Desktop/Github/question_bank/LyX/static/img/9569-HCI-2021-P2-Q3-1.png>
Package pdftex.def Info: C:/Users/Admin/Desktop/Github/question_bank/LyX/static/img/9569-HCI-2021-P2-Q3-1.png  used on input line 3087.
(pdftex.def)             Requested size: 307.14749pt x 351.87927pt.
 [68 <c:/Users/Admin/Desktop/Github/question_bank/LyX/static/img/9569-HCI-2021-P2-Q3-1.png>]
c:/Users/Admin/Desktop/Github/question_bank/LyX/compiled.tex:3124: Undefined control sequence.
<recently read> \multirow 
                          
l.3124 \multirow
                {2}{*}{\texttt{Initialise()}} & \multirow{2}{*}{\texttt{PROC...
The control sequence at the end of the top line
of your error message was never \def'ed. If you have
misspelled it (e.g., `\hobx'), type `I' and the correct
spelling (e.g., `I\hbox'). Otherwise just continue,
and I'll forget about whatever was undefined.

c:/Users/Admin/Desktop/Github/question_bank/LyX/compiled.tex:3124: Undefined control sequence.
l.3124 ...2}{*}{\texttt{Initialise()}} & \multirow
                                                  {2}{*}{\texttt{PROCEDURE}}...
The control sequence at the end of the top line
of your error message was never \def'ed. If you have
misspelled it (e.g., `\hobx'), type `I' and the correct
spelling (e.g., `I\hbox'). Otherwise just continue,
and I'll forget about whatever was undefined.

c:/Users/Admin/Desktop/Github/question_bank/LyX/compiled.tex:3127: Undefined control sequence.
<recently read> \multirow 
                          
l.3127 \multirow
                {2}{*}{\texttt{PQInsert(NewItem, Priority)}} & \multirow{2}{...
The control sequence at the end of the top line
of your error message was never \def'ed. If you have
misspelled it (e.g., `\hobx'), type `I' and the correct
spelling (e.g., `I\hbox'). Otherwise just continue,
and I'll forget about whatever was undefined.

c:/Users/Admin/Desktop/Github/question_bank/LyX/compiled.tex:3127: Undefined control sequence.
l.3127 ...QInsert(NewItem, Priority)}} & \multirow
                                                  {2}{*}{\texttt{PROCEDURE}}...
The control sequence at the end of the top line
of your error message was never \def'ed. If you have
misspelled it (e.g., `\hobx'), type `I' and the correct
spelling (e.g., `I\hbox'). Otherwise just continue,
and I'll forget about whatever was undefined.

c:/Users/Admin/Desktop/Github/question_bank/LyX/compiled.tex:3131: Undefined control sequence.
<recently read> \multirow 
                          
l.3131 \multirow
                {2}{*}{\texttt{PQDelete()}} & \multirow{2}{*}{\texttt{FUNCTI...
The control sequence at the end of the top line
of your error message was never \def'ed. If you have
misspelled it (e.g., `\hobx'), type `I' and the correct
spelling (e.g., `I\hbox'). Otherwise just continue,
and I'll forget about whatever was undefined.

c:/Users/Admin/Desktop/Github/question_bank/LyX/compiled.tex:3131: Undefined control sequence.
l.3131 ...w{2}{*}{\texttt{PQDelete()}} & \multirow
                                                  {2}{*}{\texttt{FUNCTION}} ...
The control sequence at the end of the top line
of your error message was never \def'ed. If you have
misspelled it (e.g., `\hobx'), type `I' and the correct
spelling (e.g., `I\hbox'). Otherwise just continue,
and I'll forget about whatever was undefined.


Overfull \hbox (225.62148pt too wide) in paragraph at lines 3110--3138
 [] 
 []

<C:/Users/Admin/Desktop/Github/question_bank/LyX/static/img/9569-HCI-2021-P2-Q3-2.png, id=245, 600.74437pt x 245.41687pt>
File: C:/Users/Admin/Desktop/Github/question_bank/LyX/static/img/9569-HCI-2021-P2-Q3-2.png Graphic file (type png)
<use C:/Users/Admin/Desktop/Github/question_bank/LyX/static/img/9569-HCI-2021-P2-Q3-2.png>
Package pdftex.def Info: C:/Users/Admin/Desktop/Github/question_bank/LyX/static/img/9569-HCI-2021-P2-Q3-2.png  used on input line 3146.
(pdftex.def)             Requested size: 307.14749pt x 125.47925pt.
[69 <c:/Users/Admin/Desktop/Github/question_bank/LyX/static/img/9569-HCI-2021-P2-Q3-2.png>]
c:/Users/Admin/Desktop/Github/question_bank/LyX/compiled.tex:3156: Undefined control sequence.
l.3156 \multirow
                {2}{*}{\texttt{In{[}1{]}:}} & \texttt{\# Task 3.1}\tabularne...
The control sequence at the end of the top line
of your error message was never \def'ed. If you have
misspelled it (e.g., `\hobx'), type `I' and the correct
spelling (e.g., `I\hbox'). Otherwise just continue,
and I'll forget about whatever was undefined.

c:/Users/Admin/Desktop/Github/question_bank/LyX/compiled.tex:3159: Undefined control sequence.
l.3159 \multirow
                {2}{*}{\texttt{In{[}2{]}:}} & \texttt{\# Task 3.2}\tabularne...
The control sequence at the end of the top line
of your error message was never \def'ed. If you have
misspelled it (e.g., `\hobx'), type `I' and the correct
spelling (e.g., `I\hbox'). Otherwise just continue,
and I'll forget about whatever was undefined.

c:/Users/Admin/Desktop/Github/question_bank/LyX/compiled.tex:3162: Undefined control sequence.
l.3162 \multirow
                {2}{*}{\texttt{In{[}3{]}:}} & \texttt{\# Task 3.3}\tabularne...
The control sequence at the end of the top line
of your error message was never \def'ed. If you have
misspelled it (e.g., `\hobx'), type `I' and the correct
spelling (e.g., `I\hbox'). Otherwise just continue,
and I'll forget about whatever was undefined.

[70] [71]
<C:/Users/Admin/Desktop/Github/question_bank/LyX/static/img/9569-HCI-2021-P2-Q4.png, id=255, 654.94687pt x 146.79843pt>
File: C:/Users/Admin/Desktop/Github/question_bank/LyX/static/img/9569-HCI-2021-P2-Q4.png Graphic file (type png)
<use C:/Users/Admin/Desktop/Github/question_bank/LyX/static/img/9569-HCI-2021-P2-Q4.png>
Package pdftex.def Info: C:/Users/Admin/Desktop/Github/question_bank/LyX/static/img/9569-HCI-2021-P2-Q4.png  used on input line 3244.
(pdftex.def)             Requested size: 307.14749pt x 68.84294pt.

c:/Users/Admin/Desktop/Github/question_bank/LyX/compiled.tex:3253: Undefined control sequence.
l.3253 \multirow
                {2}{*}{\texttt{In{[}1{]}:}} & \texttt{\# Task 4.1}\tabularne...
The control sequence at the end of the top line
of your error message was never \def'ed. If you have
misspelled it (e.g., `\hobx'), type `I' and the correct
spelling (e.g., `I\hbox'). Otherwise just continue,
and I'll forget about whatever was undefined.

c:/Users/Admin/Desktop/Github/question_bank/LyX/compiled.tex:3256: Undefined control sequence.
l.3256 \multirow
                {2}{*}{\texttt{In{[}2{]}:}} & \texttt{\# Task 4.2}\tabularne...
The control sequence at the end of the top line
of your error message was never \def'ed. If you have
misspelled it (e.g., `\hobx'), type `I' and the correct
spelling (e.g., `I\hbox'). Otherwise just continue,
and I'll forget about whatever was undefined.

c:/Users/Admin/Desktop/Github/question_bank/LyX/compiled.tex:3259: Undefined control sequence.
l.3259 \multirow
                {2}{*}{\texttt{In{[}3{]}:}} & \texttt{\# Task 4.3}\tabularne...
The control sequence at the end of the top line
of your error message was never \def'ed. If you have
misspelled it (e.g., `\hobx'), type `I' and the correct
spelling (e.g., `I\hbox'). Otherwise just continue,
and I'll forget about whatever was undefined.

[72 <c:/Users/Admin/Desktop/Github/question_bank/LyX/static/img/9569-HCI-2021-P2-Q4.png>] [73] [74]
Overfull \hbox (25.00003pt too wide) in paragraph at lines 3361--3369
[] 
 []


Overfull \hbox (25.00003pt too wide) in paragraph at lines 3392--3401
[] 
 []

[75] [76]
Overfull \hbox (57.10027pt too wide) in paragraph at lines 3410--3413
[]\T1/phv/m/n/10 You will build a sim-pli-fied, one-player ver-sion of the clas-sic board game Bat-tle-ship. Re-fer to \T1/cmtt/m/n/10 Task2_Client_SampleOutput.JPG
 []


Overfull \hbox (715.75749pt too wide) in paragraph at lines 3441--3460
[][] 
 []

[77]
Overfull \hbox (25.00003pt too wide) in paragraph at lines 3465--3501
[] 
 []

[78]
Overfull \hbox (348.68053pt too wide) in paragraph at lines 3552--3581
[][] 
 []


Overfull \hbox (200.55428pt too wide) in paragraph at lines 3585--3599
[][] 
 []


Overfull \hbox (210.803pt too wide) in paragraph at lines 3603--3619
[][] 
 []

[79]
Overfull \hbox (8.16113pt too wide) in paragraph at lines 3622--3626
\T1/phv/m/n/10 Write pro-gram code us-ing object-oriented pro-gram-ming for the classes \T1/cmtt/m/n/10 Member\T1/phv/m/n/10 , \T1/cmtt/m/n/10 NormalMember\T1/phv/m/n/10 , and \T1/cmtt/m/n/10 AnnualMember\T1/phv/m/n/10 .
 []

[80] [81] [82] [83] [84] [85]
Overfull \hbox (25.00003pt too wide) in paragraph at lines 3858--3868
[] 
 []

[86] [87]
Overfull \hbox (25.00003pt too wide) in paragraph at lines 3923--3946
[] 
 []

[88]
<C:/Users/Admin/Desktop/Github/question_bank/LyX/static/img/9569-NYJC-2021-P1-Q5.png, id=310, 133.24782pt x 212.29312pt>
File: C:/Users/Admin/Desktop/Github/question_bank/LyX/static/img/9569-NYJC-2021-P1-Q5.png Graphic file (type png)
<use C:/Users/Admin/Desktop/Github/question_bank/LyX/static/img/9569-NYJC-2021-P1-Q5.png>
Package pdftex.def Info: C:/Users/Admin/Desktop/Github/question_bank/LyX/static/img/9569-NYJC-2021-P1-Q5.png  used on input line 4007.
(pdftex.def)             Requested size: 92.14049pt x 146.8031pt.
 [89 <c:/Users/Admin/Desktop/Github/question_bank/LyX/static/img/9569-NYJC-2021-P1-Q5.png>]
Overfull \hbox (25.00003pt too wide) in paragraph at lines 4049--4062
[] 
 []

[90]
c:/Users/Admin/Desktop/Github/question_bank/LyX/compiled.tex:4119: Undefined control sequence.
l.4119 \multirow
                {2}{*}{\texttt{In{[}1{]}:}} & \texttt{\# Task 1.1}\tabularne...
The control sequence at the end of the top line
of your error message was never \def'ed. If you have
misspelled it (e.g., `\hobx'), type `I' and the correct
spelling (e.g., `I\hbox'). Otherwise just continue,
and I'll forget about whatever was undefined.

[91] [92]
c:/Users/Admin/Desktop/Github/question_bank/LyX/compiled.tex:4168: Undefined control sequence.
l.4168 \multirow
                {2}{*}{\texttt{In{[}1{]}:}} & \texttt{\# Task 2.1}\tabularne...
The control sequence at the end of the top line
of your error message was never \def'ed. If you have
misspelled it (e.g., `\hobx'), type `I' and the correct
spelling (e.g., `I\hbox'). Otherwise just continue,
and I'll forget about whatever was undefined.

[93] [94]
c:/Users/Admin/Desktop/Github/question_bank/LyX/compiled.tex:4261: Undefined control sequence.
l.4261 \multirow
                {2}{*}{\texttt{In{[}1{]}:}} & \texttt{\# Task 3.1}\tabularne...
The control sequence at the end of the top line
of your error message was never \def'ed. If you have
misspelled it (e.g., `\hobx'), type `I' and the correct
spelling (e.g., `I\hbox'). Otherwise just continue,
and I'll forget about whatever was undefined.

[95] [96] [97] [98] [99] [100] [101]
Overfull \hbox (25.00003pt too wide) in paragraph at lines 4519--4553
[] 
 []

c:/Users/Admin/Desktop/Github/question_bank/LyX/compiled.tex:4568: Undefined control sequence.
<recently read> \uline 
                       
l.4568 ...t{\textbf{ }}\texttt{\textbf{\uline{A}}}
                                                  \texttt{: }
The control sequence at the end of the top line
of your error message was never \def'ed. If you have
misspelled it (e.g., `\hobx'), type `I' and the correct
spelling (e.g., `I\hbox'). Otherwise just continue,
and I'll forget about whatever was undefined.

c:/Users/Admin/Desktop/Github/question_bank/LyX/compiled.tex:4575: Undefined control sequence.
<recently read> \uline 
                       
l.4575 ...ttt{\qquad{}}\texttt{\textbf{\uline{B}}}
                                                  \texttt{ }
The control sequence at the end of the top line
of your error message was never \def'ed. If you have
misspelled it (e.g., `\hobx'), type `I' and the correct
spelling (e.g., `I\hbox'). Otherwise just continue,
and I'll forget about whatever was undefined.


Overfull \hbox (47.00003pt too wide) in paragraph at lines 4565--4598
[] 
 []


Underfull \vbox (badness 10000) has occurred while \output is active []

 [102] [103]
Overfull \hbox (25.00003pt too wide) in paragraph at lines 4631--4659
[] 
 []

[104]
<C:/Users/Admin/Desktop/Github/question_bank/LyX/static/img/9569-RVHS-2021-P1-Q4.png, id=363, 538.26094pt x 249.93375pt>
File: C:/Users/Admin/Desktop/Github/question_bank/LyX/static/img/9569-RVHS-2021-P1-Q4.png Graphic file (type png)
<use C:/Users/Admin/Desktop/Github/question_bank/LyX/static/img/9569-RVHS-2021-P1-Q4.png>
Package pdftex.def Info: C:/Users/Admin/Desktop/Github/question_bank/LyX/static/img/9569-RVHS-2021-P1-Q4.png  used on input line 4690.
(pdftex.def)             Requested size: 307.14749pt x 142.62007pt.
 [105 <c:/Users/Admin/Desktop/Github/question_bank/LyX/static/img/9569-RVHS-2021-P1-Q4.png>] [106]
Overfull \hbox (25.00003pt too wide) in paragraph at lines 4782--4812
[] 
 []


Overfull \hbox (47.00003pt too wide) in paragraph at lines 4833--4856
[] 
 []


Underfull \vbox (badness 4739) has occurred while \output is active []

 [107] [108]
<C:/Users/Admin/Desktop/Github/question_bank/LyX/static/img/9569-RVHS-2021-P1-Q7-1.png, id=377, 697.10437pt x 194.22563pt>
File: C:/Users/Admin/Desktop/Github/question_bank/LyX/static/img/9569-RVHS-2021-P1-Q7-1.png Graphic file (type png)
<use C:/Users/Admin/Desktop/Github/question_bank/LyX/static/img/9569-RVHS-2021-P1-Q7-1.png>
Package pdftex.def Info: C:/Users/Admin/Desktop/Github/question_bank/LyX/static/img/9569-RVHS-2021-P1-Q7-1.png  used on input line 4876.
(pdftex.def)             Requested size: 399.288pt x 111.24913pt.
<C:/Users/Admin/Desktop/Github/question_bank/LyX/static/img/9569-RVHS-2021-P1-Q7-2.png, id=378, 682.80093pt x 444.15938pt>
File: C:/Users/Admin/Desktop/Github/question_bank/LyX/static/img/9569-RVHS-2021-P1-Q7-2.png Graphic file (type png)
<use C:/Users/Admin/Desktop/Github/question_bank/LyX/static/img/9569-RVHS-2021-P1-Q7-2.png>
Package pdftex.def Info: C:/Users/Admin/Desktop/Github/question_bank/LyX/static/img/9569-RVHS-2021-P1-Q7-2.png  used on input line 4883.
(pdftex.def)             Requested size: 399.288pt x 259.74069pt.
 [109 <c:/Users/Admin/Desktop/Github/question_bank/LyX/static/img/9569-RVHS-2021-P1-Q7-1.png> <c:/Users/Admin/Desktop/Github/question_bank/LyX/static/img/9569-RVHS-2021-P1-Q7-2.png>]
c:/Users/Admin/Desktop/Github/question_bank/LyX/compiled.tex:4891: Undefined control sequence.
<recently read> \uline 
                       
l.4891 ...{TableName (}\texttt{\uline{Attribute1}}
                                                  \texttt{, Attribute2{*},
The control sequence at the end of the top line
of your error message was never \def'ed. If you have
misspelled it (e.g., `\hobx'), type `I' and the correct
spelling (e.g., `I\hbox'). Otherwise just continue,
and I'll forget about whatever was undefined.

[110] [111]
Overfull \hbox (25.00003pt too wide) in paragraph at lines 4978--5000
[] 
 []


Overfull \hbox (25.00003pt too wide) in paragraph at lines 5003--5015
[] 
 []


Overfull \hbox (35.06583pt too wide) in paragraph at lines 5018--5026
\T1/phv/m/n/10 Write the func-tion \T1/cmtt/m/n/10 task1_2() \T1/phv/m/n/10 to read the names in file \T1/cmtt/m/n/10 "namelist_A.txt" \T1/phv/m/n/10 and find a match-ing name in "\T1/cmtt/m/n/10 namelist_B.txt\T1/phv/m/n/10 "
 []

<C:/Users/Admin/Desktop/Github/question_bank/LyX/static/img/9569-RVHS-2021-P2-Q1.png, id=389, 585.68813pt x 348.55219pt>
File: C:/Users/Admin/Desktop/Github/question_bank/LyX/static/img/9569-RVHS-2021-P2-Q1.png Graphic file (type png)
<use C:/Users/Admin/Desktop/Github/question_bank/LyX/static/img/9569-RVHS-2021-P2-Q1.png>
Package pdftex.def Info: C:/Users/Admin/Desktop/Github/question_bank/LyX/static/img/9569-RVHS-2021-P2-Q1.png  used on input line 5027.
(pdftex.def)             Requested size: 307.14749pt x 182.79584pt.

Underfull \vbox (badness 2478) has occurred while \output is active []

 [112] [113 <c:/Users/Admin/Desktop/Github/question_bank/LyX/static/img/9569-RVHS-2021-P2-Q1.png>]
Overfull \hbox (25.00003pt too wide) in paragraph at lines 5082--5199
[] 
 []

[114]
Overfull \vbox (375.26054pt too high) has occurred while \output is active []

 [115]
Overfull \hbox (15.17174pt too wide) in paragraph at lines 5226--5227
[]\T1/cmtt/m/n/10 The three years that have the highest average number of beds per facility are: _____, _____
 []

[116] [117] [118]
Overfull \hbox (13.8578pt too wide) in paragraph at lines 5426--5429
[]\T1/phv/m/n/10 E.g. the \T1/cmtt/m/n/10 VIN \T1/phv/m/n/10 with val-ues 1\T1/cmtt/m/n/10 M8GDM9A_KP042788 \T1/phv/m/n/10 will pro-duce a check digit of \T1/cmtt/m/n/10 X \T1/phv/m/n/10 and hence \T1/cmtt/m/n/10 1M8GDM9AXKP042788
 []

[119]
<C:/Users/Admin/Desktop/Github/question_bank/LyX/static/img/9569-RVHS-2021-P2-Q4.png, id=415, 683.55376pt x 319.94531pt>
File: C:/Users/Admin/Desktop/Github/question_bank/LyX/static/img/9569-RVHS-2021-P2-Q4.png Graphic file (type png)
<use C:/Users/Admin/Desktop/Github/question_bank/LyX/static/img/9569-RVHS-2021-P2-Q4.png>
Package pdftex.def Info: C:/Users/Admin/Desktop/Github/question_bank/LyX/static/img/9569-RVHS-2021-P2-Q4.png  used on input line 5435.
(pdftex.def)             Requested size: 307.14749pt x 143.76413pt.
 [120 <c:/Users/Admin/Desktop/Github/question_bank/LyX/static/img/9569-RVHS-2021-P2-Q4.png>]
Overfull \hbox (31.66995pt too wide) in paragraph at lines 5459--5498
[]\T1/phv/m/n/10 A
 []

[121] [122] [123]
Overfull \hbox (25.00003pt too wide) in paragraph at lines 5626--5662
[] 
 []

[124]
Overfull \hbox (25.00003pt too wide) in paragraph at lines 5714--5740
[] 
 []


Underfull \vbox (badness 10000) has occurred while \output is active []

 [125] [126]
<C:/Users/Admin/Desktop/Github/question_bank/LyX/static/img/9569-YIJC-2021-P1-Q4.png, id=438, 408.77719pt x 350.05782pt>
File: C:/Users/Admin/Desktop/Github/question_bank/LyX/static/img/9569-YIJC-2021-P1-Q4.png Graphic file (type png)
<use C:/Users/Admin/Desktop/Github/question_bank/LyX/static/img/9569-YIJC-2021-P1-Q4.png>
Package pdftex.def Info: C:/Users/Admin/Desktop/Github/question_bank/LyX/static/img/9569-YIJC-2021-P1-Q4.png  used on input line 5757.
(pdftex.def)             Requested size: 204.38809pt x 175.02847pt.

c:/Users/Admin/Desktop/Github/question_bank/LyX/compiled.tex:5768: Undefined control sequence.
<recently read> \uline 
                       
l.5768 ...{TableName (}\texttt{\uline{Attribute1}}
                                                  \texttt{, Attribute2{*},
The control sequence at the end of the top line
of your error message was never \def'ed. If you have
misspelled it (e.g., `\hobx'), type `I' and the correct
spelling (e.g., `I\hbox'). Otherwise just continue,
and I'll forget about whatever was undefined.

[127 <c:/Users/Admin/Desktop/Github/question_bank/LyX/static/img/9569-YIJC-2021-P1-Q4.png>] [128] [129] [130] [131] [132]
<C:/Users/Admin/Desktop/Github/question_bank/LyX/static/img/9569-YIJC-2021-P2-Q2.png, id=459, 434.37282pt x 194.97844pt>
File: C:/Users/Admin/Desktop/Github/question_bank/LyX/static/img/9569-YIJC-2021-P2-Q2.png Graphic file (type png)
<use C:/Users/Admin/Desktop/Github/question_bank/LyX/static/img/9569-YIJC-2021-P2-Q2.png>
Package pdftex.def Info: C:/Users/Admin/Desktop/Github/question_bank/LyX/static/img/9569-YIJC-2021-P2-Q2.png  used on input line 5975.
(pdftex.def)             Requested size: 217.18587pt x 97.48897pt.

Overfull \hbox (5.26292pt too wide) in paragraph at lines 6001--6006
\T1/phv/m/n/10 Write pro-gram code for the func-tion \T1/cmtt/m/n/10 analyse(user1) \T1/phv/m/n/10 that it-er-ates through all the records in the ar-ray \T1/cmtt/m/n/10 all_records\T1/phv/m/n/10 ,
 []

[133 <c:/Users/Admin/Desktop/Github/question_bank/LyX/static/img/9569-YIJC-2021-P2-Q2.png>] [134]
<C:/Users/Admin/Desktop/Github/question_bank/LyX/static/img/9569-YIJC-2021-P2-Q3-1.png, id=470, 528.47438pt x 295.85532pt>
File: C:/Users/Admin/Desktop/Github/question_bank/LyX/static/img/9569-YIJC-2021-P2-Q3-1.png Graphic file (type png)
<use C:/Users/Admin/Desktop/Github/question_bank/LyX/static/img/9569-YIJC-2021-P2-Q3-1.png>
Package pdftex.def Info: C:/Users/Admin/Desktop/Github/question_bank/LyX/static/img/9569-YIJC-2021-P2-Q3-1.png  used on input line 6050.
(pdftex.def)             Requested size: 264.23654pt x 147.92729pt.
<C:/Users/Admin/Desktop/Github/question_bank/LyX/static/img/9569-YIJC-2021-P2-Q3-2.png, id=471, 469.755pt x 513.41812pt>
File: C:/Users/Admin/Desktop/Github/question_bank/LyX/static/img/9569-YIJC-2021-P2-Q3-2.png Graphic file (type png)
<use C:/Users/Admin/Desktop/Github/question_bank/LyX/static/img/9569-YIJC-2021-P2-Q3-2.png>
Package pdftex.def Info: C:/Users/Admin/Desktop/Github/question_bank/LyX/static/img/9569-YIJC-2021-P2-Q3-2.png  used on input line 6064.
(pdftex.def)             Requested size: 234.87692pt x 256.70842pt.

Underfull \vbox (badness 10000) has occurred while \output is active []

 [135 <c:/Users/Admin/Desktop/Github/question_bank/LyX/static/img/9569-YIJC-2021-P2-Q3-1.png>]
<C:/Users/Admin/Desktop/Github/question_bank/LyX/static/img/9569-YIJC-2021-P2-Q3-3.png, id=476, 421.575pt x 476.53032pt>
File: C:/Users/Admin/Desktop/Github/question_bank/LyX/static/img/9569-YIJC-2021-P2-Q3-3.png Graphic file (type png)
<use C:/Users/Admin/Desktop/Github/question_bank/LyX/static/img/9569-YIJC-2021-P2-Q3-3.png>
Package pdftex.def Info: C:/Users/Admin/Desktop/Github/question_bank/LyX/static/img/9569-YIJC-2021-P2-Q3-3.png  used on input line 6096.
(pdftex.def)             Requested size: 210.78697pt x 238.26457pt.
 [136 <c:/Users/Admin/Desktop/Github/question_bank/LyX/static/img/9569-YIJC-2021-P2-Q3-2.png>] [137 <c:/Users/Admin/Desktop/Github/question_bank/LyX/static/img/9569-YIJC-2021-P2-Q3-3.png>] [138]
<C:/Users/Admin/Desktop/Github/question_bank/LyX/static/img/9569-YIJC-2021-P2-Q4-1.png, id=488, 332.74312pt x 220.57407pt>
File: C:/Users/Admin/Desktop/Github/question_bank/LyX/static/img/9569-YIJC-2021-P2-Q4-1.png Graphic file (type png)
<use C:/Users/Admin/Desktop/Github/question_bank/LyX/static/img/9569-YIJC-2021-P2-Q4-1.png>
Package pdftex.def Info: C:/Users/Admin/Desktop/Github/question_bank/LyX/static/img/9569-YIJC-2021-P2-Q4-1.png  used on input line 6208.
(pdftex.def)             Requested size: 166.37114pt x 110.28676pt.
 [139 <c:/Users/Admin/Desktop/Github/question_bank/LyX/static/img/9569-YIJC-2021-P2-Q4-1.png>]
Overfull \hbox (339.55353pt too wide) in paragraph at lines 6246--6275
 [] 
 []

<C:/Users/Admin/Desktop/Github/question_bank/LyX/static/img/9569-YIJC-2021-P2-Q4-2.png, id=493, 492.33937pt x 250.68657pt>
File: C:/Users/Admin/Desktop/Github/question_bank/LyX/static/img/9569-YIJC-2021-P2-Q4-2.png Graphic file (type png)
<use C:/Users/Admin/Desktop/Github/question_bank/LyX/static/img/9569-YIJC-2021-P2-Q4-2.png>
Package pdftex.def Info: C:/Users/Admin/Desktop/Github/question_bank/LyX/static/img/9569-YIJC-2021-P2-Q4-2.png  used on input line 6290.
(pdftex.def)             Requested size: 246.16907pt x 125.34297pt.
[140 <c:/Users/Admin/Desktop/Github/question_bank/LyX/static/img/9569-YIJC-2021-P2-Q4-2.png>] (c:/Users/Admin/Desktop/Github/question_bank/LyX/compiled.aux)

LaTeX Warning: There were undefined references.


LaTeX Warning: Label(s) may have changed. Rerun to get cross-references right.

 ) 
Here is how much of TeX's memory you used:
 5601 strings out of 480424
 93074 string characters out of 5891772
 389903 words of memory out of 5000000
 22454 multiletter control sequences out of 15000+600000
 421346 words of font info for 52 fonts, out of 8000000 for 9000
 430 hyphenation exceptions out of 8191
 66i,12n,73p,355b,606s stack positions out of 5000i,500n,10000p,200000b,80000s
{c:/texlive/2020/texmf-dist/fonts/enc/dvips/cm-super/cm-super-t1.enc}{c:/texlive/2020/texmf-dist/fonts/enc/dvips/cm-super/cm-super-ts1.enc}{c:/texlive/2020/texmf-dist/fonts/enc/dvips/base/8r.enc}<c:/texlive/2020/texmf-dist/fonts/type1/public/amsfonts/cm/cmex10.pfb><c:/texlive/2020/texmf-dist/fonts/type1/public/amsfonts/cm/cmmi10.pfb><c:/texlive/2020/texmf-dist/fonts/type1/public/amsfonts/cm/cmmi7.pfb><c:/texlive/2020/texmf-dist/fonts/type1/public/amsfonts/cm/cmr10.pfb><c:/texlive/2020/texmf-dist/fonts/type1/public/amsfonts/cm/cmr7.pfb><c:/texlive/2020/texmf-dist/fonts/type1/public/amsfonts/cm/cmsy10.pfb><c:/texlive/2020/texmf-dist/fonts/type1/public/cm-super/sfit1000.pfb><c:/texlive/2020/texmf-dist/fonts/type1/public/cm-super/sftt1000.pfb><c:/texlive/2020/texmf-dist/fonts/type1/urw/helvetic/uhvb8a.pfb><c:/texlive/2020/texmf-dist/fonts/type1/urw/helvetic/uhvr8a.pfb>
Output written on c:/Users/Admin/Desktop/Github/question_bank/LyX/compiled.pdf (139 pages, 1520394 bytes).
PDF statistics:
 541 PDF objects out of 1000 (max. 8388607)
 344 compressed objects within 4 object streams
 0 named destinations out of 1000 (max. 500000)
 141 words of extra memory for PDF output out of 10000 (max. 10000000)

